#
# There is insufficient memory for the Java Runtime Environment to continue.
# Native memory allocation (malloc) failed to allocate 1933296 bytes. Error detail: Chunk::new
# Possible reasons:
#   The system is out of physical RAM or swap space
#   This process is running with CompressedOops enabled, and the Java Heap may be blocking the growth of the native heap
# Possible solutions:
#   Reduce memory load on the system
#   Increase physical memory or swap space
#   Check if swap backing store is full
#   Decrease Java heap size (-Xmx/-Xms)
#   Decrease number of Java threads
#   Decrease Java thread stack sizes (-Xss)
#   Set larger code cache with -XX:ReservedCodeCacheSize=
#   JVM is running with Unscaled Compressed Oops mode in which the Java heap is
#     placed in the first 4GB address space. The Java Heap base address is the
#     maximum limit for the native heap growth. Please use -XX:HeapBaseMinAddress
#     to set the Java Heap base and to place the Java Heap above 4GB virtual address.
# This output file may be truncated or incomplete.
#
#  Out of Memory Error (arena.cpp:168), pid=26496, tid=16824
#
# JRE version: OpenJDK Runtime Environment JBR-21.0.8+1-1038.68-nomod (21.0.8+1) (build 21.0.8+1-b1038.68)
# Java VM: OpenJDK 64-Bit Server VM JBR-21.0.8+1-1038.68-nomod (21.0.8+1-b1038.68, mixed mode, sharing, tiered, compressed oops, compressed class ptrs, g1 gc, windows-amd64)
# No core dump will be written. Minidumps are not enabled by default on client versions of Windows
#

---------------  S U M M A R Y ------------

Command Line: --add-opens=java.base/java.lang=ALL-UNNAMED --add-opens=java.base/java.lang.invoke=ALL-UNNAMED --add-opens=java.base/java.util=ALL-UNNAMED --add-opens=java.prefs/java.util.prefs=ALL-UNNAMED --add-exports=jdk.compiler/com.sun.tools.javac.api=ALL-UNNAMED --add-exports=jdk.compiler/com.sun.tools.javac.util=ALL-UNNAMED --add-opens=java.base/java.util=ALL-UNNAMED --add-opens=java.prefs/java.util.prefs=ALL-UNNAMED --add-opens=java.base/java.nio.charset=ALL-UNNAMED --add-opens=java.base/java.net=ALL-UNNAMED --add-opens=java.base/java.util.concurrent.atomic=ALL-UNNAMED --add-opens=java.xml/javax.xml.namespace=ALL-UNNAMED -XX:MaxMetaspaceSize=384m -XX:+HeapDumpOnOutOfMemoryError -Xms256m -Xmx512m -Dfile.encoding=UTF-8 -Duser.country=US -Duser.language=en -Duser.variant -javaagent:C:\Users\Tpnam\.gradle\wrapper\dists\gradle-8.14.2-bin\2pb3mgt1p815evrl3weanttgr\gradle-8.14.2\lib\agents\gradle-instrumentation-agent-8.14.2.jar org.gradle.launcher.daemon.bootstrap.GradleDaemon 8.14.2

Host: AMD Ryzen 5 4600H with Radeon Graphics         , 12 cores, 7G,  Windows 11 , 64 bit Build 26100 (10.0.26100.4768)
Time: Wed Aug 27 15:36:52 2025 SE Asia Standard Time elapsed time: 7.507836 seconds (0d 0h 0m 7s)

---------------  T H R E A D  ---------------

Current thread (0x000002727102b940):  JavaThread "C2 CompilerThread0" daemon [_thread_in_native, id=16824, stack(0x000000f8b3c00000,0x000000f8b3d00000) (1024K)]


Current CompileTask:
C2:7507 3547   !   4       java.net.URLClassLoader::findClass (47 bytes)

Stack: [0x000000f8b3c00000,0x000000f8b3d00000]
Native frames: (J=compiled Java code, j=interpreted, Vv=VM code, C=native code)
V  [jvm.dll+0x6ebeb9]  os::win32::platform_print_native_stack+0xd9  (os_windows_x86.cpp:236)
V  [jvm.dll+0x8cbec3]  VMError::report+0xd83  (vmError.cpp:1017)
V  [jvm.dll+0x8ce47e]  VMError::report_and_die+0x5fe  (vmError.cpp:1877)
V  [jvm.dll+0x8ceb63]  VMError::report_and_die+0x43  (vmError.cpp:1647)
V  [jvm.dll+0x28adf6]  report_vm_out_of_memory+0x56  (debug.cpp:225)
V  [jvm.dll+0xc6f3d]  Chunk::operator new+0x10d  (arena.cpp:168)
V  [jvm.dll+0xc7473]  Arena::grow+0x103  (arena.cpp:301)
V  [jvm.dll+0x3c7ab1]  PhaseIFG::init+0x81  (ifg.cpp:50)
V  [jvm.dll+0x393697]  PhaseCFG::global_code_motion+0x447  (gcm.cpp:1592)
V  [jvm.dll+0x392b0a]  PhaseCFG::do_global_code_motion+0x3a  (gcm.cpp:1660)
V  [jvm.dll+0x251d92]  Compile::Code_Gen+0x242  (compile.cpp:2940)
V  [jvm.dll+0x251361]  Compile::Compile+0xee1  (compile.cpp:885)
V  [jvm.dll+0x1ceb64]  C2Compiler::compile_method+0xd4  (c2compiler.cpp:123)
V  [jvm.dll+0x260bfe]  CompileBroker::invoke_compiler_on_method+0x78e  (compileBroker.cpp:2326)
V  [jvm.dll+0x25f146]  CompileBroker::compiler_thread_loop+0x3b6  (compileBroker.cpp:1995)
V  [jvm.dll+0x402ee6]  JavaThread::run+0x116  (javaThread.cpp:702)
V  [jvm.dll+0x873a78]  Thread::call_run+0xc8  (thread.cpp:231)
V  [jvm.dll+0x6ea63d]  os::win32::thread_native_entry+0x7d  (os_windows.cpp:557)
C  [ucrtbase.dll+0x37b0]
C  [KERNEL32.DLL+0x2e8d7]
C  [ntdll.dll+0x3c34c]


---------------  P R O C E S S  ---------------

Threads class SMR info:
_java_thread_list=0x0000027276154ce0, length=32, elements={
0x00000272563f4470, 0x0000027271000080, 0x0000027271001540, 0x00000272710065e0,
0x0000027271009c70, 0x000002727100a990, 0x000002727100a300, 0x000002727100b6b0,
0x000002727102b940, 0x000002727102f8e0, 0x00000272710095e0, 0x000002727100bd40,
0x000002727100c3d0, 0x0000027272b39d70, 0x0000027272b38330, 0x0000027272b396e0,
0x0000027272b389c0, 0x0000027272b37610, 0x0000027272b368f0, 0x0000027272b37ca0,
0x0000027272b3a400, 0x0000027272b36f80, 0x0000027272b3b7b0, 0x0000027272b3be40,
0x0000027273508db0, 0x0000027272b3df10, 0x0000027272b3cb60, 0x0000027272b3d1f0,
0x0000027272b3d880, 0x0000027272b3b120, 0x00000272757c5ad0, 0x00000272737f3df0
}

Java Threads: ( => current thread )
  0x00000272563f4470 JavaThread "main"                              [_thread_blocked, id=10824, stack(0x000000f8b2d00000,0x000000f8b2e00000) (1024K)]
  0x0000027271000080 JavaThread "Common-Cleaner"             daemon [_thread_blocked, id=24784, stack(0x000000f8b3500000,0x000000f8b3600000) (1024K)]
  0x0000027271001540 JavaThread "Reference Handler"          daemon [_thread_blocked, id=14824, stack(0x000000f8b3600000,0x000000f8b3700000) (1024K)]
  0x00000272710065e0 JavaThread "Finalizer"                  daemon [_thread_blocked, id=12356, stack(0x000000f8b3700000,0x000000f8b3800000) (1024K)]
  0x0000027271009c70 JavaThread "Signal Dispatcher"          daemon [_thread_blocked, id=9428, stack(0x000000f8b3800000,0x000000f8b3900000) (1024K)]
  0x000002727100a990 JavaThread "Attach Listener"            daemon [_thread_blocked, id=19932, stack(0x000000f8b3900000,0x000000f8b3a00000) (1024K)]
  0x000002727100a300 JavaThread "Service Thread"             daemon [_thread_blocked, id=14100, stack(0x000000f8b3a00000,0x000000f8b3b00000) (1024K)]
  0x000002727100b6b0 JavaThread "Monitor Deflation Thread"   daemon [_thread_blocked, id=20296, stack(0x000000f8b3b00000,0x000000f8b3c00000) (1024K)]
=>0x000002727102b940 JavaThread "C2 CompilerThread0"         daemon [_thread_in_native, id=16824, stack(0x000000f8b3c00000,0x000000f8b3d00000) (1024K)]
  0x000002727102f8e0 JavaThread "C1 CompilerThread0"         daemon [_thread_in_vm, id=3684, stack(0x000000f8b3d00000,0x000000f8b3e00000) (1024K)]
  0x00000272710095e0 JavaThread "Notification Thread"        daemon [_thread_blocked, id=17516, stack(0x000000f8b3e00000,0x000000f8b3f00000) (1024K)]
  0x000002727100bd40 JavaThread "Daemon health stats"               [_thread_blocked, id=2196, stack(0x000000f8b4500000,0x000000f8b4600000) (1024K)]
  0x000002727100c3d0 JavaThread "Incoming local TCP Connector on port 56343"        [_thread_in_native, id=23336, stack(0x000000f8b4600000,0x000000f8b4700000) (1024K)]
  0x0000027272b39d70 JavaThread "Daemon periodic checks"            [_thread_blocked, id=14472, stack(0x000000f8b4700000,0x000000f8b4800000) (1024K)]
  0x0000027272b38330 JavaThread "Daemon"                            [_thread_blocked, id=3288, stack(0x000000f8b4c00000,0x000000f8b4d00000) (1024K)]
  0x0000027272b396e0 JavaThread "Handler for socket connection from /127.0.0.1:56343 to /127.0.0.1:56344"        [_thread_in_native, id=27436, stack(0x000000f8b4d00000,0x000000f8b4e00000) (1024K)]
  0x0000027272b389c0 JavaThread "Cancel handler"                    [_thread_blocked, id=584, stack(0x000000f8b4e00000,0x000000f8b4f00000) (1024K)]
  0x0000027272b37610 JavaThread "Daemon worker"                     [_thread_in_Java, id=24876, stack(0x000000f8b4f00000,0x000000f8b5000000) (1024K)]
  0x0000027272b368f0 JavaThread "Asynchronous log dispatcher for DefaultDaemonConnection: socket connection from /127.0.0.1:56343 to /127.0.0.1:56344"        [_thread_blocked, id=15660, stack(0x000000f8b5000000,0x000000f8b5100000) (1024K)]
  0x0000027272b37ca0 JavaThread "Stdin handler"                     [_thread_blocked, id=8496, stack(0x000000f8b5100000,0x000000f8b5200000) (1024K)]
  0x0000027272b3a400 JavaThread "Daemon client event forwarder"        [_thread_blocked, id=26040, stack(0x000000f8b5200000,0x000000f8b5300000) (1024K)]
  0x0000027272b36f80 JavaThread "Cache worker for journal cache (C:\Users\Tpnam\.gradle\caches\journal-1)"        [_thread_blocked, id=7380, stack(0x000000f8b3f00000,0x000000f8b4000000) (1024K)]
  0x0000027272b3b7b0 JavaThread "File lock request listener"        [_thread_in_native, id=18392, stack(0x000000f8b5300000,0x000000f8b5400000) (1024K)]
  0x0000027272b3be40 JavaThread "Cache worker for file hash cache (C:\Users\Tpnam\.gradle\caches\8.14.2\fileHashes)"        [_thread_blocked, id=14000, stack(0x000000f8b5400000,0x000000f8b5500000) (1024K)]
  0x0000027273508db0 JavaThread "C2 CompilerThread1"         daemon [_thread_in_native, id=12724, stack(0x000000f8b5500000,0x000000f8b5600000) (1024K)]
  0x0000027272b3df10 JavaThread "Cache worker for file hash cache (D:\Project4\ogcamping\backendOG\.gradle\8.14.2\fileHashes)"        [_thread_blocked, id=348, stack(0x000000f8b5600000,0x000000f8b5700000) (1024K)]
  0x0000027272b3cb60 JavaThread "Cache worker for Build Output Cleanup Cache (D:\Project4\ogcamping\backendOG\.gradle\buildOutputCleanup)"        [_thread_blocked, id=5024, stack(0x000000f8b5700000,0x000000f8b5800000) (1024K)]
  0x0000027272b3d1f0 JavaThread "File watcher server"        daemon [_thread_in_native, id=3236, stack(0x000000f8b5a00000,0x000000f8b5b00000) (1024K)]
  0x0000027272b3d880 JavaThread "File watcher consumer"      daemon [_thread_blocked, id=27364, stack(0x000000f8b5b00000,0x000000f8b5c00000) (1024K)]
  0x0000027272b3b120 JavaThread "jar transforms"                    [_thread_blocked, id=25080, stack(0x000000f8b5c00000,0x000000f8b5d00000) (1024K)]
  0x00000272757c5ad0 JavaThread "jar transforms Thread 2"           [_thread_blocked, id=14160, stack(0x000000f8b5d00000,0x000000f8b5e00000) (1024K)]
  0x00000272737f3df0 JavaThread "C2 CompilerThread2"         daemon [_thread_in_native, id=21392, stack(0x000000f8b5e00000,0x000000f8b5f00000) (1024K)]
Total: 32

Other Threads:
  0x000002726cbf6910 VMThread "VM Thread"                           [id=20004, stack(0x000000f8b3400000,0x000000f8b3500000) (1024K)]
  0x000002726cbe83c0 WatcherThread "VM Periodic Task Thread"        [id=4152, stack(0x000000f8b3300000,0x000000f8b3400000) (1024K)]
  0x000002725641f9e0 WorkerThread "GC Thread#0"                     [id=18900, stack(0x000000f8b2e00000,0x000000f8b2f00000) (1024K)]
  0x00000272713fe030 WorkerThread "GC Thread#1"                     [id=6564, stack(0x000000f8b4000000,0x000000f8b4100000) (1024K)]
  0x00000272713fe3d0 WorkerThread "GC Thread#2"                     [id=21604, stack(0x000000f8b4100000,0x000000f8b4200000) (1024K)]
  0x00000272713fe770 WorkerThread "GC Thread#3"                     [id=23468, stack(0x000000f8b4200000,0x000000f8b4300000) (1024K)]
  0x00000272713feb10 WorkerThread "GC Thread#4"                     [id=19804, stack(0x000000f8b4300000,0x000000f8b4400000) (1024K)]
  0x00000272714bfbd0 WorkerThread "GC Thread#5"                     [id=14784, stack(0x000000f8b4400000,0x000000f8b4500000) (1024K)]
  0x0000027272a1a730 WorkerThread "GC Thread#6"                     [id=2800, stack(0x000000f8b4800000,0x000000f8b4900000) (1024K)]
  0x0000027272a97630 WorkerThread "GC Thread#7"                     [id=15648, stack(0x000000f8b4900000,0x000000f8b4a00000) (1024K)]
  0x0000027272a16ee0 WorkerThread "GC Thread#8"                     [id=16216, stack(0x000000f8b4a00000,0x000000f8b4b00000) (1024K)]
  0x0000027272dbc9e0 WorkerThread "GC Thread#9"                     [id=9660, stack(0x000000f8b4b00000,0x000000f8b4c00000) (1024K)]
  0x0000027256424770 ConcurrentGCThread "G1 Main Marker"            [id=17640, stack(0x000000f8b2f00000,0x000000f8b3000000) (1024K)]
  0x00000272564264e0 WorkerThread "G1 Conc#0"                       [id=6004, stack(0x000000f8b3000000,0x000000f8b3100000) (1024K)]
  0x0000027272dbc640 WorkerThread "G1 Conc#1"                       [id=26628, stack(0x000000f8b5800000,0x000000f8b5900000) (1024K)]
  0x0000027272dbd4c0 WorkerThread "G1 Conc#2"                       [id=26112, stack(0x000000f8b5900000,0x000000f8b5a00000) (1024K)]
  0x000002726cab8220 ConcurrentGCThread "G1 Refine#0"               [id=14684, stack(0x000000f8b3100000,0x000000f8b3200000) (1024K)]
  0x000002726cab8a40 ConcurrentGCThread "G1 Service"                [id=26656, stack(0x000000f8b3200000,0x000000f8b3300000) (1024K)]
Total: 18

Threads with active compile tasks:
C2 CompilerThread0  11847 3547   !   4       java.net.URLClassLoader::findClass (47 bytes)
C1 CompilerThread0  11847 3843       2       java.lang.invoke.AbstractValidatingLambdaMetafactory::checkDescriptor (133 bytes)
C2 CompilerThread1  11847 3523   !   4       java.lang.ClassLoader::loadClass (121 bytes)
C2 CompilerThread2  11847 3571 %     4       jdk.internal.loader.URLClassPath::getResource @ 39 (74 bytes)
Total: 4

VM state: not at safepoint (normal execution)

VM Mutex/Monitor currently owned by a thread: None

Heap address: 0x00000000e0000000, size: 512 MB, Compressed Oops mode: 32-bit

CDS archive(s) mapped at: [0x0000027200000000-0x0000027201c00000-0x0000027201c00000), size 29360128, SharedBaseAddress: 0x0000027200000000, ArchiveRelocationMode: 1.
Compressed class space mapped at: 0x0000027202000000-0x0000027216000000, reserved size: 335544320
Narrow klass base: 0x0000027200000000, Narrow klass shift: 0, Narrow klass range: 0x100000000

GC Precious Log:
 CardTable entry size: 512
 Card Set container configuration: InlinePtr #cards 5 size 8 Array Of Cards #cards 12 size 40 Howl #buckets 4 coarsen threshold 1843 Howl Bitmap #cards 512 size 80 coarsen threshold 460 Card regions per heap region 1 cards per card region 2048
 CPUs: 12 total, 12 available
 Memory: 7549M
 Large Page Support: Disabled
 NUMA Support: Disabled
 Compressed Oops: Enabled (32-bit)
 Heap Region Size: 1M
 Heap Min Capacity: 256M
 Heap Initial Capacity: 256M
 Heap Max Capacity: 512M
 Pre-touch: Disabled
 Parallel Workers: 10
 Concurrent Workers: 3
 Concurrent Refinement Workers: 10
 Periodic GC: Disabled

Heap:
 garbage-first heap   total 262144K, used 78534K [0x00000000e0000000, 0x0000000100000000)
  region size 1024K, 68 young (69632K), 15 survivors (15360K)
 Metaspace       used 30081K, committed 30976K, reserved 393216K
  class space    used 4588K, committed 4992K, reserved 327680K

Heap Regions: E=young(eden), S=young(survivor), O=old, HS=humongous(starts), HC=humongous(continues), CS=collection set, F=free, TAMS=top-at-mark-start, PB=parsable bottom
|   0|0x00000000e0000000, 0x00000000e0100000, 0x00000000e0100000|100%|HS|  |TAMS 0x00000000e0000000| PB 0x00000000e0000000| Complete 
|   1|0x00000000e0100000, 0x00000000e0200000, 0x00000000e0200000|100%|HC|  |TAMS 0x00000000e0100000| PB 0x00000000e0100000| Complete 
|   2|0x00000000e0200000, 0x00000000e0300000, 0x00000000e0300000|100%|HC|  |TAMS 0x00000000e0200000| PB 0x00000000e0200000| Complete 
|   3|0x00000000e0300000, 0x00000000e0400000, 0x00000000e0400000|100%| O|  |TAMS 0x00000000e0300000| PB 0x00000000e0300000| Untracked 
|   4|0x00000000e0400000, 0x00000000e0500000, 0x00000000e0500000|100%| O|  |TAMS 0x00000000e0400000| PB 0x00000000e0400000| Untracked 
|   5|0x00000000e0500000, 0x00000000e0600000, 0x00000000e0600000|100%| O|  |TAMS 0x00000000e0500000| PB 0x00000000e0500000| Untracked 
|   6|0x00000000e0600000, 0x00000000e0700000, 0x00000000e0700000|100%|HS|  |TAMS 0x00000000e0600000| PB 0x00000000e0600000| Complete 
|   7|0x00000000e0700000, 0x00000000e0700000, 0x00000000e0800000|  0%| F|  |TAMS 0x00000000e0700000| PB 0x00000000e0700000| Untracked 
|   8|0x00000000e0800000, 0x00000000e0900000, 0x00000000e0900000|100%| O|  |TAMS 0x00000000e0800000| PB 0x00000000e0800000| Untracked 
|   9|0x00000000e0900000, 0x00000000e0a00000, 0x00000000e0a00000|100%| O|  |TAMS 0x00000000e0900000| PB 0x00000000e0900000| Untracked 
|  10|0x00000000e0a00000, 0x00000000e0ab1998, 0x00000000e0b00000| 69%| O|  |TAMS 0x00000000e0a00000| PB 0x00000000e0a00000| Untracked 
|  11|0x00000000e0b00000, 0x00000000e0b00000, 0x00000000e0c00000|  0%| F|  |TAMS 0x00000000e0b00000| PB 0x00000000e0b00000| Untracked 
|  12|0x00000000e0c00000, 0x00000000e0c00000, 0x00000000e0d00000|  0%| F|  |TAMS 0x00000000e0c00000| PB 0x00000000e0c00000| Untracked 
|  13|0x00000000e0d00000, 0x00000000e0d00000, 0x00000000e0e00000|  0%| F|  |TAMS 0x00000000e0d00000| PB 0x00000000e0d00000| Untracked 
|  14|0x00000000e0e00000, 0x00000000e0e00000, 0x00000000e0f00000|  0%| F|  |TAMS 0x00000000e0e00000| PB 0x00000000e0e00000| Untracked 
|  15|0x00000000e0f00000, 0x00000000e0f00000, 0x00000000e1000000|  0%| F|  |TAMS 0x00000000e0f00000| PB 0x00000000e0f00000| Untracked 
|  16|0x00000000e1000000, 0x00000000e1000000, 0x00000000e1100000|  0%| F|  |TAMS 0x00000000e1000000| PB 0x00000000e1000000| Untracked 
|  17|0x00000000e1100000, 0x00000000e1100000, 0x00000000e1200000|  0%| F|  |TAMS 0x00000000e1100000| PB 0x00000000e1100000| Untracked 
|  18|0x00000000e1200000, 0x00000000e1200000, 0x00000000e1300000|  0%| F|  |TAMS 0x00000000e1200000| PB 0x00000000e1200000| Untracked 
|  19|0x00000000e1300000, 0x00000000e1300000, 0x00000000e1400000|  0%| F|  |TAMS 0x00000000e1300000| PB 0x00000000e1300000| Untracked 
|  20|0x00000000e1400000, 0x00000000e1400000, 0x00000000e1500000|  0%| F|  |TAMS 0x00000000e1400000| PB 0x00000000e1400000| Untracked 
|  21|0x00000000e1500000, 0x00000000e1500000, 0x00000000e1600000|  0%| F|  |TAMS 0x00000000e1500000| PB 0x00000000e1500000| Untracked 
|  22|0x00000000e1600000, 0x00000000e1600000, 0x00000000e1700000|  0%| F|  |TAMS 0x00000000e1600000| PB 0x00000000e1600000| Untracked 
|  23|0x00000000e1700000, 0x00000000e1700000, 0x00000000e1800000|  0%| F|  |TAMS 0x00000000e1700000| PB 0x00000000e1700000| Untracked 
|  24|0x00000000e1800000, 0x00000000e1800000, 0x00000000e1900000|  0%| F|  |TAMS 0x00000000e1800000| PB 0x00000000e1800000| Untracked 
|  25|0x00000000e1900000, 0x00000000e1900000, 0x00000000e1a00000|  0%| F|  |TAMS 0x00000000e1900000| PB 0x00000000e1900000| Untracked 
|  26|0x00000000e1a00000, 0x00000000e1a00000, 0x00000000e1b00000|  0%| F|  |TAMS 0x00000000e1a00000| PB 0x00000000e1a00000| Untracked 
|  27|0x00000000e1b00000, 0x00000000e1b00000, 0x00000000e1c00000|  0%| F|  |TAMS 0x00000000e1b00000| PB 0x00000000e1b00000| Untracked 
|  28|0x00000000e1c00000, 0x00000000e1c00000, 0x00000000e1d00000|  0%| F|  |TAMS 0x00000000e1c00000| PB 0x00000000e1c00000| Untracked 
|  29|0x00000000e1d00000, 0x00000000e1d00000, 0x00000000e1e00000|  0%| F|  |TAMS 0x00000000e1d00000| PB 0x00000000e1d00000| Untracked 
|  30|0x00000000e1e00000, 0x00000000e1e00000, 0x00000000e1f00000|  0%| F|  |TAMS 0x00000000e1e00000| PB 0x00000000e1e00000| Untracked 
|  31|0x00000000e1f00000, 0x00000000e1f00000, 0x00000000e2000000|  0%| F|  |TAMS 0x00000000e1f00000| PB 0x00000000e1f00000| Untracked 
|  32|0x00000000e2000000, 0x00000000e2000000, 0x00000000e2100000|  0%| F|  |TAMS 0x00000000e2000000| PB 0x00000000e2000000| Untracked 
|  33|0x00000000e2100000, 0x00000000e2100000, 0x00000000e2200000|  0%| F|  |TAMS 0x00000000e2100000| PB 0x00000000e2100000| Untracked 
|  34|0x00000000e2200000, 0x00000000e2200000, 0x00000000e2300000|  0%| F|  |TAMS 0x00000000e2200000| PB 0x00000000e2200000| Untracked 
|  35|0x00000000e2300000, 0x00000000e2300000, 0x00000000e2400000|  0%| F|  |TAMS 0x00000000e2300000| PB 0x00000000e2300000| Untracked 
|  36|0x00000000e2400000, 0x00000000e2400000, 0x00000000e2500000|  0%| F|  |TAMS 0x00000000e2400000| PB 0x00000000e2400000| Untracked 
|  37|0x00000000e2500000, 0x00000000e2500000, 0x00000000e2600000|  0%| F|  |TAMS 0x00000000e2500000| PB 0x00000000e2500000| Untracked 
|  38|0x00000000e2600000, 0x00000000e2600000, 0x00000000e2700000|  0%| F|  |TAMS 0x00000000e2600000| PB 0x00000000e2600000| Untracked 
|  39|0x00000000e2700000, 0x00000000e2700000, 0x00000000e2800000|  0%| F|  |TAMS 0x00000000e2700000| PB 0x00000000e2700000| Untracked 
|  40|0x00000000e2800000, 0x00000000e2800000, 0x00000000e2900000|  0%| F|  |TAMS 0x00000000e2800000| PB 0x00000000e2800000| Untracked 
|  41|0x00000000e2900000, 0x00000000e2900000, 0x00000000e2a00000|  0%| F|  |TAMS 0x00000000e2900000| PB 0x00000000e2900000| Untracked 
|  42|0x00000000e2a00000, 0x00000000e2a00000, 0x00000000e2b00000|  0%| F|  |TAMS 0x00000000e2a00000| PB 0x00000000e2a00000| Untracked 
|  43|0x00000000e2b00000, 0x00000000e2b00000, 0x00000000e2c00000|  0%| F|  |TAMS 0x00000000e2b00000| PB 0x00000000e2b00000| Untracked 
|  44|0x00000000e2c00000, 0x00000000e2c00000, 0x00000000e2d00000|  0%| F|  |TAMS 0x00000000e2c00000| PB 0x00000000e2c00000| Untracked 
|  45|0x00000000e2d00000, 0x00000000e2d00000, 0x00000000e2e00000|  0%| F|  |TAMS 0x00000000e2d00000| PB 0x00000000e2d00000| Untracked 
|  46|0x00000000e2e00000, 0x00000000e2e00000, 0x00000000e2f00000|  0%| F|  |TAMS 0x00000000e2e00000| PB 0x00000000e2e00000| Untracked 
|  47|0x00000000e2f00000, 0x00000000e2f00000, 0x00000000e3000000|  0%| F|  |TAMS 0x00000000e2f00000| PB 0x00000000e2f00000| Untracked 
|  48|0x00000000e3000000, 0x00000000e3000000, 0x00000000e3100000|  0%| F|  |TAMS 0x00000000e3000000| PB 0x00000000e3000000| Untracked 
|  49|0x00000000e3100000, 0x00000000e3100000, 0x00000000e3200000|  0%| F|  |TAMS 0x00000000e3100000| PB 0x00000000e3100000| Untracked 
|  50|0x00000000e3200000, 0x00000000e3200000, 0x00000000e3300000|  0%| F|  |TAMS 0x00000000e3200000| PB 0x00000000e3200000| Untracked 
|  51|0x00000000e3300000, 0x00000000e3300000, 0x00000000e3400000|  0%| F|  |TAMS 0x00000000e3300000| PB 0x00000000e3300000| Untracked 
|  52|0x00000000e3400000, 0x00000000e3400000, 0x00000000e3500000|  0%| F|  |TAMS 0x00000000e3400000| PB 0x00000000e3400000| Untracked 
|  53|0x00000000e3500000, 0x00000000e3500000, 0x00000000e3600000|  0%| F|  |TAMS 0x00000000e3500000| PB 0x00000000e3500000| Untracked 
|  54|0x00000000e3600000, 0x00000000e3600000, 0x00000000e3700000|  0%| F|  |TAMS 0x00000000e3600000| PB 0x00000000e3600000| Untracked 
|  55|0x00000000e3700000, 0x00000000e3700000, 0x00000000e3800000|  0%| F|  |TAMS 0x00000000e3700000| PB 0x00000000e3700000| Untracked 
|  56|0x00000000e3800000, 0x00000000e3800000, 0x00000000e3900000|  0%| F|  |TAMS 0x00000000e3800000| PB 0x00000000e3800000| Untracked 
|  57|0x00000000e3900000, 0x00000000e3900000, 0x00000000e3a00000|  0%| F|  |TAMS 0x00000000e3900000| PB 0x00000000e3900000| Untracked 
|  58|0x00000000e3a00000, 0x00000000e3a00000, 0x00000000e3b00000|  0%| F|  |TAMS 0x00000000e3a00000| PB 0x00000000e3a00000| Untracked 
|  59|0x00000000e3b00000, 0x00000000e3b00000, 0x00000000e3c00000|  0%| F|  |TAMS 0x00000000e3b00000| PB 0x00000000e3b00000| Untracked 
|  60|0x00000000e3c00000, 0x00000000e3c00000, 0x00000000e3d00000|  0%| F|  |TAMS 0x00000000e3c00000| PB 0x00000000e3c00000| Untracked 
|  61|0x00000000e3d00000, 0x00000000e3d00000, 0x00000000e3e00000|  0%| F|  |TAMS 0x00000000e3d00000| PB 0x00000000e3d00000| Untracked 
|  62|0x00000000e3e00000, 0x00000000e3e00000, 0x00000000e3f00000|  0%| F|  |TAMS 0x00000000e3e00000| PB 0x00000000e3e00000| Untracked 
|  63|0x00000000e3f00000, 0x00000000e3f00000, 0x00000000e4000000|  0%| F|  |TAMS 0x00000000e3f00000| PB 0x00000000e3f00000| Untracked 
|  64|0x00000000e4000000, 0x00000000e4000000, 0x00000000e4100000|  0%| F|  |TAMS 0x00000000e4000000| PB 0x00000000e4000000| Untracked 
|  65|0x00000000e4100000, 0x00000000e4100000, 0x00000000e4200000|  0%| F|  |TAMS 0x00000000e4100000| PB 0x00000000e4100000| Untracked 
|  66|0x00000000e4200000, 0x00000000e4200000, 0x00000000e4300000|  0%| F|  |TAMS 0x00000000e4200000| PB 0x00000000e4200000| Untracked 
|  67|0x00000000e4300000, 0x00000000e4300000, 0x00000000e4400000|  0%| F|  |TAMS 0x00000000e4300000| PB 0x00000000e4300000| Untracked 
|  68|0x00000000e4400000, 0x00000000e4400000, 0x00000000e4500000|  0%| F|  |TAMS 0x00000000e4400000| PB 0x00000000e4400000| Untracked 
|  69|0x00000000e4500000, 0x00000000e4500000, 0x00000000e4600000|  0%| F|  |TAMS 0x00000000e4500000| PB 0x00000000e4500000| Untracked 
|  70|0x00000000e4600000, 0x00000000e4600000, 0x00000000e4700000|  0%| F|  |TAMS 0x00000000e4600000| PB 0x00000000e4600000| Untracked 
|  71|0x00000000e4700000, 0x00000000e4700000, 0x00000000e4800000|  0%| F|  |TAMS 0x00000000e4700000| PB 0x00000000e4700000| Untracked 
|  72|0x00000000e4800000, 0x00000000e4800000, 0x00000000e4900000|  0%| F|  |TAMS 0x00000000e4800000| PB 0x00000000e4800000| Untracked 
|  73|0x00000000e4900000, 0x00000000e4900000, 0x00000000e4a00000|  0%| F|  |TAMS 0x00000000e4900000| PB 0x00000000e4900000| Untracked 
|  74|0x00000000e4a00000, 0x00000000e4a00000, 0x00000000e4b00000|  0%| F|  |TAMS 0x00000000e4a00000| PB 0x00000000e4a00000| Untracked 
|  75|0x00000000e4b00000, 0x00000000e4b00000, 0x00000000e4c00000|  0%| F|  |TAMS 0x00000000e4b00000| PB 0x00000000e4b00000| Untracked 
|  76|0x00000000e4c00000, 0x00000000e4c00000, 0x00000000e4d00000|  0%| F|  |TAMS 0x00000000e4c00000| PB 0x00000000e4c00000| Untracked 
|  77|0x00000000e4d00000, 0x00000000e4d00000, 0x00000000e4e00000|  0%| F|  |TAMS 0x00000000e4d00000| PB 0x00000000e4d00000| Untracked 
|  78|0x00000000e4e00000, 0x00000000e4e00000, 0x00000000e4f00000|  0%| F|  |TAMS 0x00000000e4e00000| PB 0x00000000e4e00000| Untracked 
|  79|0x00000000e4f00000, 0x00000000e4f00000, 0x00000000e5000000|  0%| F|  |TAMS 0x00000000e4f00000| PB 0x00000000e4f00000| Untracked 
|  80|0x00000000e5000000, 0x00000000e5000000, 0x00000000e5100000|  0%| F|  |TAMS 0x00000000e5000000| PB 0x00000000e5000000| Untracked 
|  81|0x00000000e5100000, 0x00000000e5100000, 0x00000000e5200000|  0%| F|  |TAMS 0x00000000e5100000| PB 0x00000000e5100000| Untracked 
|  82|0x00000000e5200000, 0x00000000e5200000, 0x00000000e5300000|  0%| F|  |TAMS 0x00000000e5200000| PB 0x00000000e5200000| Untracked 
|  83|0x00000000e5300000, 0x00000000e5300000, 0x00000000e5400000|  0%| F|  |TAMS 0x00000000e5300000| PB 0x00000000e5300000| Untracked 
|  84|0x00000000e5400000, 0x00000000e5400000, 0x00000000e5500000|  0%| F|  |TAMS 0x00000000e5400000| PB 0x00000000e5400000| Untracked 
|  85|0x00000000e5500000, 0x00000000e5500000, 0x00000000e5600000|  0%| F|  |TAMS 0x00000000e5500000| PB 0x00000000e5500000| Untracked 
|  86|0x00000000e5600000, 0x00000000e5600000, 0x00000000e5700000|  0%| F|  |TAMS 0x00000000e5600000| PB 0x00000000e5600000| Untracked 
|  87|0x00000000e5700000, 0x00000000e5700000, 0x00000000e5800000|  0%| F|  |TAMS 0x00000000e5700000| PB 0x00000000e5700000| Untracked 
|  88|0x00000000e5800000, 0x00000000e5800000, 0x00000000e5900000|  0%| F|  |TAMS 0x00000000e5800000| PB 0x00000000e5800000| Untracked 
|  89|0x00000000e5900000, 0x00000000e5900000, 0x00000000e5a00000|  0%| F|  |TAMS 0x00000000e5900000| PB 0x00000000e5900000| Untracked 
|  90|0x00000000e5a00000, 0x00000000e5a00000, 0x00000000e5b00000|  0%| F|  |TAMS 0x00000000e5a00000| PB 0x00000000e5a00000| Untracked 
|  91|0x00000000e5b00000, 0x00000000e5b00000, 0x00000000e5c00000|  0%| F|  |TAMS 0x00000000e5b00000| PB 0x00000000e5b00000| Untracked 
|  92|0x00000000e5c00000, 0x00000000e5c00000, 0x00000000e5d00000|  0%| F|  |TAMS 0x00000000e5c00000| PB 0x00000000e5c00000| Untracked 
|  93|0x00000000e5d00000, 0x00000000e5d00000, 0x00000000e5e00000|  0%| F|  |TAMS 0x00000000e5d00000| PB 0x00000000e5d00000| Untracked 
|  94|0x00000000e5e00000, 0x00000000e5e00000, 0x00000000e5f00000|  0%| F|  |TAMS 0x00000000e5e00000| PB 0x00000000e5e00000| Untracked 
|  95|0x00000000e5f00000, 0x00000000e5f00000, 0x00000000e6000000|  0%| F|  |TAMS 0x00000000e5f00000| PB 0x00000000e5f00000| Untracked 
|  96|0x00000000e6000000, 0x00000000e6000000, 0x00000000e6100000|  0%| F|  |TAMS 0x00000000e6000000| PB 0x00000000e6000000| Untracked 
|  97|0x00000000e6100000, 0x00000000e6100000, 0x00000000e6200000|  0%| F|  |TAMS 0x00000000e6100000| PB 0x00000000e6100000| Untracked 
|  98|0x00000000e6200000, 0x00000000e6200000, 0x00000000e6300000|  0%| F|  |TAMS 0x00000000e6200000| PB 0x00000000e6200000| Untracked 
|  99|0x00000000e6300000, 0x00000000e6300000, 0x00000000e6400000|  0%| F|  |TAMS 0x00000000e6300000| PB 0x00000000e6300000| Untracked 
| 100|0x00000000e6400000, 0x00000000e6400000, 0x00000000e6500000|  0%| F|  |TAMS 0x00000000e6400000| PB 0x00000000e6400000| Untracked 
| 101|0x00000000e6500000, 0x00000000e6500000, 0x00000000e6600000|  0%| F|  |TAMS 0x00000000e6500000| PB 0x00000000e6500000| Untracked 
| 102|0x00000000e6600000, 0x00000000e6600000, 0x00000000e6700000|  0%| F|  |TAMS 0x00000000e6600000| PB 0x00000000e6600000| Untracked 
| 103|0x00000000e6700000, 0x00000000e6700000, 0x00000000e6800000|  0%| F|  |TAMS 0x00000000e6700000| PB 0x00000000e6700000| Untracked 
| 104|0x00000000e6800000, 0x00000000e6800000, 0x00000000e6900000|  0%| F|  |TAMS 0x00000000e6800000| PB 0x00000000e6800000| Untracked 
| 105|0x00000000e6900000, 0x00000000e6900000, 0x00000000e6a00000|  0%| F|  |TAMS 0x00000000e6900000| PB 0x00000000e6900000| Untracked 
| 106|0x00000000e6a00000, 0x00000000e6a00000, 0x00000000e6b00000|  0%| F|  |TAMS 0x00000000e6a00000| PB 0x00000000e6a00000| Untracked 
| 107|0x00000000e6b00000, 0x00000000e6b00000, 0x00000000e6c00000|  0%| F|  |TAMS 0x00000000e6b00000| PB 0x00000000e6b00000| Untracked 
| 108|0x00000000e6c00000, 0x00000000e6c00000, 0x00000000e6d00000|  0%| F|  |TAMS 0x00000000e6c00000| PB 0x00000000e6c00000| Untracked 
| 109|0x00000000e6d00000, 0x00000000e6d00000, 0x00000000e6e00000|  0%| F|  |TAMS 0x00000000e6d00000| PB 0x00000000e6d00000| Untracked 
| 110|0x00000000e6e00000, 0x00000000e6e00000, 0x00000000e6f00000|  0%| F|  |TAMS 0x00000000e6e00000| PB 0x00000000e6e00000| Untracked 
| 111|0x00000000e6f00000, 0x00000000e6f00000, 0x00000000e7000000|  0%| F|  |TAMS 0x00000000e6f00000| PB 0x00000000e6f00000| Untracked 
| 112|0x00000000e7000000, 0x00000000e7000000, 0x00000000e7100000|  0%| F|  |TAMS 0x00000000e7000000| PB 0x00000000e7000000| Untracked 
| 113|0x00000000e7100000, 0x00000000e7100000, 0x00000000e7200000|  0%| F|  |TAMS 0x00000000e7100000| PB 0x00000000e7100000| Untracked 
| 114|0x00000000e7200000, 0x00000000e7200000, 0x00000000e7300000|  0%| F|  |TAMS 0x00000000e7200000| PB 0x00000000e7200000| Untracked 
| 115|0x00000000e7300000, 0x00000000e7300000, 0x00000000e7400000|  0%| F|  |TAMS 0x00000000e7300000| PB 0x00000000e7300000| Untracked 
| 116|0x00000000e7400000, 0x00000000e7400000, 0x00000000e7500000|  0%| F|  |TAMS 0x00000000e7400000| PB 0x00000000e7400000| Untracked 
| 117|0x00000000e7500000, 0x00000000e7500000, 0x00000000e7600000|  0%| F|  |TAMS 0x00000000e7500000| PB 0x00000000e7500000| Untracked 
| 118|0x00000000e7600000, 0x00000000e7600000, 0x00000000e7700000|  0%| F|  |TAMS 0x00000000e7600000| PB 0x00000000e7600000| Untracked 
| 119|0x00000000e7700000, 0x00000000e7700000, 0x00000000e7800000|  0%| F|  |TAMS 0x00000000e7700000| PB 0x00000000e7700000| Untracked 
| 120|0x00000000e7800000, 0x00000000e7800000, 0x00000000e7900000|  0%| F|  |TAMS 0x00000000e7800000| PB 0x00000000e7800000| Untracked 
| 121|0x00000000e7900000, 0x00000000e7900000, 0x00000000e7a00000|  0%| F|  |TAMS 0x00000000e7900000| PB 0x00000000e7900000| Untracked 
| 122|0x00000000e7a00000, 0x00000000e7a00000, 0x00000000e7b00000|  0%| F|  |TAMS 0x00000000e7a00000| PB 0x00000000e7a00000| Untracked 
| 123|0x00000000e7b00000, 0x00000000e7b00000, 0x00000000e7c00000|  0%| F|  |TAMS 0x00000000e7b00000| PB 0x00000000e7b00000| Untracked 
| 124|0x00000000e7c00000, 0x00000000e7c00000, 0x00000000e7d00000|  0%| F|  |TAMS 0x00000000e7c00000| PB 0x00000000e7c00000| Untracked 
| 125|0x00000000e7d00000, 0x00000000e7d00000, 0x00000000e7e00000|  0%| F|  |TAMS 0x00000000e7d00000| PB 0x00000000e7d00000| Untracked 
| 126|0x00000000e7e00000, 0x00000000e7e00000, 0x00000000e7f00000|  0%| F|  |TAMS 0x00000000e7e00000| PB 0x00000000e7e00000| Untracked 
| 127|0x00000000e7f00000, 0x00000000e7f00000, 0x00000000e8000000|  0%| F|  |TAMS 0x00000000e7f00000| PB 0x00000000e7f00000| Untracked 
| 128|0x00000000e8000000, 0x00000000e8000000, 0x00000000e8100000|  0%| F|  |TAMS 0x00000000e8000000| PB 0x00000000e8000000| Untracked 
| 129|0x00000000e8100000, 0x00000000e8100000, 0x00000000e8200000|  0%| F|  |TAMS 0x00000000e8100000| PB 0x00000000e8100000| Untracked 
| 130|0x00000000e8200000, 0x00000000e8200000, 0x00000000e8300000|  0%| F|  |TAMS 0x00000000e8200000| PB 0x00000000e8200000| Untracked 
| 131|0x00000000e8300000, 0x00000000e8300000, 0x00000000e8400000|  0%| F|  |TAMS 0x00000000e8300000| PB 0x00000000e8300000| Untracked 
| 132|0x00000000e8400000, 0x00000000e8400000, 0x00000000e8500000|  0%| F|  |TAMS 0x00000000e8400000| PB 0x00000000e8400000| Untracked 
| 133|0x00000000e8500000, 0x00000000e8500000, 0x00000000e8600000|  0%| F|  |TAMS 0x00000000e8500000| PB 0x00000000e8500000| Untracked 
| 134|0x00000000e8600000, 0x00000000e8600000, 0x00000000e8700000|  0%| F|  |TAMS 0x00000000e8600000| PB 0x00000000e8600000| Untracked 
| 135|0x00000000e8700000, 0x00000000e8700000, 0x00000000e8800000|  0%| F|  |TAMS 0x00000000e8700000| PB 0x00000000e8700000| Untracked 
| 136|0x00000000e8800000, 0x00000000e8800000, 0x00000000e8900000|  0%| F|  |TAMS 0x00000000e8800000| PB 0x00000000e8800000| Untracked 
| 137|0x00000000e8900000, 0x00000000e8900000, 0x00000000e8a00000|  0%| F|  |TAMS 0x00000000e8900000| PB 0x00000000e8900000| Untracked 
| 138|0x00000000e8a00000, 0x00000000e8a00000, 0x00000000e8b00000|  0%| F|  |TAMS 0x00000000e8a00000| PB 0x00000000e8a00000| Untracked 
| 139|0x00000000e8b00000, 0x00000000e8b00000, 0x00000000e8c00000|  0%| F|  |TAMS 0x00000000e8b00000| PB 0x00000000e8b00000| Untracked 
| 140|0x00000000e8c00000, 0x00000000e8c00000, 0x00000000e8d00000|  0%| F|  |TAMS 0x00000000e8c00000| PB 0x00000000e8c00000| Untracked 
| 141|0x00000000e8d00000, 0x00000000e8d00000, 0x00000000e8e00000|  0%| F|  |TAMS 0x00000000e8d00000| PB 0x00000000e8d00000| Untracked 
| 142|0x00000000e8e00000, 0x00000000e8e00000, 0x00000000e8f00000|  0%| F|  |TAMS 0x00000000e8e00000| PB 0x00000000e8e00000| Untracked 
| 143|0x00000000e8f00000, 0x00000000e8f00000, 0x00000000e9000000|  0%| F|  |TAMS 0x00000000e8f00000| PB 0x00000000e8f00000| Untracked 
| 144|0x00000000e9000000, 0x00000000e9000000, 0x00000000e9100000|  0%| F|  |TAMS 0x00000000e9000000| PB 0x00000000e9000000| Untracked 
| 145|0x00000000e9100000, 0x00000000e9200000, 0x00000000e9200000|100%| S|CS|TAMS 0x00000000e9100000| PB 0x00000000e9100000| Complete 
| 146|0x00000000e9200000, 0x00000000e9300000, 0x00000000e9300000|100%| S|CS|TAMS 0x00000000e9200000| PB 0x00000000e9200000| Complete 
| 147|0x00000000e9300000, 0x00000000e9400000, 0x00000000e9400000|100%| S|CS|TAMS 0x00000000e9300000| PB 0x00000000e9300000| Complete 
| 148|0x00000000e9400000, 0x00000000e9500000, 0x00000000e9500000|100%| S|CS|TAMS 0x00000000e9400000| PB 0x00000000e9400000| Complete 
| 149|0x00000000e9500000, 0x00000000e9600000, 0x00000000e9600000|100%| S|CS|TAMS 0x00000000e9500000| PB 0x00000000e9500000| Complete 
| 150|0x00000000e9600000, 0x00000000e9700000, 0x00000000e9700000|100%| S|CS|TAMS 0x00000000e9600000| PB 0x00000000e9600000| Complete 
| 151|0x00000000e9700000, 0x00000000e9800000, 0x00000000e9800000|100%| S|CS|TAMS 0x00000000e9700000| PB 0x00000000e9700000| Complete 
| 152|0x00000000e9800000, 0x00000000e9900000, 0x00000000e9900000|100%| S|CS|TAMS 0x00000000e9800000| PB 0x00000000e9800000| Complete 
| 153|0x00000000e9900000, 0x00000000e9a00000, 0x00000000e9a00000|100%| S|CS|TAMS 0x00000000e9900000| PB 0x00000000e9900000| Complete 
| 154|0x00000000e9a00000, 0x00000000e9b00000, 0x00000000e9b00000|100%| S|CS|TAMS 0x00000000e9a00000| PB 0x00000000e9a00000| Complete 
| 155|0x00000000e9b00000, 0x00000000e9c00000, 0x00000000e9c00000|100%| S|CS|TAMS 0x00000000e9b00000| PB 0x00000000e9b00000| Complete 
| 156|0x00000000e9c00000, 0x00000000e9d00000, 0x00000000e9d00000|100%| S|CS|TAMS 0x00000000e9c00000| PB 0x00000000e9c00000| Complete 
| 157|0x00000000e9d00000, 0x00000000e9e00000, 0x00000000e9e00000|100%| S|CS|TAMS 0x00000000e9d00000| PB 0x00000000e9d00000| Complete 
| 158|0x00000000e9e00000, 0x00000000e9f00000, 0x00000000e9f00000|100%| S|CS|TAMS 0x00000000e9e00000| PB 0x00000000e9e00000| Complete 
| 159|0x00000000e9f00000, 0x00000000ea000000, 0x00000000ea000000|100%| S|CS|TAMS 0x00000000e9f00000| PB 0x00000000e9f00000| Complete 
| 160|0x00000000ea000000, 0x00000000ea000000, 0x00000000ea100000|  0%| F|  |TAMS 0x00000000ea000000| PB 0x00000000ea000000| Untracked 
| 161|0x00000000ea100000, 0x00000000ea100000, 0x00000000ea200000|  0%| F|  |TAMS 0x00000000ea100000| PB 0x00000000ea100000| Untracked 
| 162|0x00000000ea200000, 0x00000000ea200000, 0x00000000ea300000|  0%| F|  |TAMS 0x00000000ea200000| PB 0x00000000ea200000| Untracked 
| 163|0x00000000ea300000, 0x00000000ea300000, 0x00000000ea400000|  0%| F|  |TAMS 0x00000000ea300000| PB 0x00000000ea300000| Untracked 
| 164|0x00000000ea400000, 0x00000000ea400000, 0x00000000ea500000|  0%| F|  |TAMS 0x00000000ea400000| PB 0x00000000ea400000| Untracked 
| 165|0x00000000ea500000, 0x00000000ea500000, 0x00000000ea600000|  0%| F|  |TAMS 0x00000000ea500000| PB 0x00000000ea500000| Untracked 
| 166|0x00000000ea600000, 0x00000000ea600000, 0x00000000ea700000|  0%| F|  |TAMS 0x00000000ea600000| PB 0x00000000ea600000| Untracked 
| 167|0x00000000ea700000, 0x00000000ea700000, 0x00000000ea800000|  0%| F|  |TAMS 0x00000000ea700000| PB 0x00000000ea700000| Untracked 
| 168|0x00000000ea800000, 0x00000000ea800000, 0x00000000ea900000|  0%| F|  |TAMS 0x00000000ea800000| PB 0x00000000ea800000| Untracked 
| 169|0x00000000ea900000, 0x00000000ea900000, 0x00000000eaa00000|  0%| F|  |TAMS 0x00000000ea900000| PB 0x00000000ea900000| Untracked 
| 170|0x00000000eaa00000, 0x00000000eaa00000, 0x00000000eab00000|  0%| F|  |TAMS 0x00000000eaa00000| PB 0x00000000eaa00000| Untracked 
| 171|0x00000000eab00000, 0x00000000eab00000, 0x00000000eac00000|  0%| F|  |TAMS 0x00000000eab00000| PB 0x00000000eab00000| Untracked 
| 172|0x00000000eac00000, 0x00000000eac00000, 0x00000000ead00000|  0%| F|  |TAMS 0x00000000eac00000| PB 0x00000000eac00000| Untracked 
| 173|0x00000000ead00000, 0x00000000ead00000, 0x00000000eae00000|  0%| F|  |TAMS 0x00000000ead00000| PB 0x00000000ead00000| Untracked 
| 174|0x00000000eae00000, 0x00000000eae00000, 0x00000000eaf00000|  0%| F|  |TAMS 0x00000000eae00000| PB 0x00000000eae00000| Untracked 
| 175|0x00000000eaf00000, 0x00000000eaf00000, 0x00000000eb000000|  0%| F|  |TAMS 0x00000000eaf00000| PB 0x00000000eaf00000| Untracked 
| 176|0x00000000eb000000, 0x00000000eb000000, 0x00000000eb100000|  0%| F|  |TAMS 0x00000000eb000000| PB 0x00000000eb000000| Untracked 
| 177|0x00000000eb100000, 0x00000000eb100000, 0x00000000eb200000|  0%| F|  |TAMS 0x00000000eb100000| PB 0x00000000eb100000| Untracked 
| 178|0x00000000eb200000, 0x00000000eb200000, 0x00000000eb300000|  0%| F|  |TAMS 0x00000000eb200000| PB 0x00000000eb200000| Untracked 
| 179|0x00000000eb300000, 0x00000000eb300000, 0x00000000eb400000|  0%| F|  |TAMS 0x00000000eb300000| PB 0x00000000eb300000| Untracked 
| 180|0x00000000eb400000, 0x00000000eb400000, 0x00000000eb500000|  0%| F|  |TAMS 0x00000000eb400000| PB 0x00000000eb400000| Untracked 
| 181|0x00000000eb500000, 0x00000000eb500000, 0x00000000eb600000|  0%| F|  |TAMS 0x00000000eb500000| PB 0x00000000eb500000| Untracked 
| 182|0x00000000eb600000, 0x00000000eb600000, 0x00000000eb700000|  0%| F|  |TAMS 0x00000000eb600000| PB 0x00000000eb600000| Untracked 
| 183|0x00000000eb700000, 0x00000000eb700000, 0x00000000eb800000|  0%| F|  |TAMS 0x00000000eb700000| PB 0x00000000eb700000| Untracked 
| 184|0x00000000eb800000, 0x00000000eb800000, 0x00000000eb900000|  0%| F|  |TAMS 0x00000000eb800000| PB 0x00000000eb800000| Untracked 
| 185|0x00000000eb900000, 0x00000000eb900000, 0x00000000eba00000|  0%| F|  |TAMS 0x00000000eb900000| PB 0x00000000eb900000| Untracked 
| 186|0x00000000eba00000, 0x00000000eba00000, 0x00000000ebb00000|  0%| F|  |TAMS 0x00000000eba00000| PB 0x00000000eba00000| Untracked 
| 187|0x00000000ebb00000, 0x00000000ebb00000, 0x00000000ebc00000|  0%| F|  |TAMS 0x00000000ebb00000| PB 0x00000000ebb00000| Untracked 
| 188|0x00000000ebc00000, 0x00000000ebc00000, 0x00000000ebd00000|  0%| F|  |TAMS 0x00000000ebc00000| PB 0x00000000ebc00000| Untracked 
| 189|0x00000000ebd00000, 0x00000000ebd00000, 0x00000000ebe00000|  0%| F|  |TAMS 0x00000000ebd00000| PB 0x00000000ebd00000| Untracked 
| 190|0x00000000ebe00000, 0x00000000ebe00000, 0x00000000ebf00000|  0%| F|  |TAMS 0x00000000ebe00000| PB 0x00000000ebe00000| Untracked 
| 191|0x00000000ebf00000, 0x00000000ebf00000, 0x00000000ec000000|  0%| F|  |TAMS 0x00000000ebf00000| PB 0x00000000ebf00000| Untracked 
| 192|0x00000000ec000000, 0x00000000ec000000, 0x00000000ec100000|  0%| F|  |TAMS 0x00000000ec000000| PB 0x00000000ec000000| Untracked 
| 193|0x00000000ec100000, 0x00000000ec100000, 0x00000000ec200000|  0%| F|  |TAMS 0x00000000ec100000| PB 0x00000000ec100000| Untracked 
| 194|0x00000000ec200000, 0x00000000ec200000, 0x00000000ec300000|  0%| F|  |TAMS 0x00000000ec200000| PB 0x00000000ec200000| Untracked 
| 195|0x00000000ec300000, 0x00000000ec300000, 0x00000000ec400000|  0%| F|  |TAMS 0x00000000ec300000| PB 0x00000000ec300000| Untracked 
| 196|0x00000000ec400000, 0x00000000ec400000, 0x00000000ec500000|  0%| F|  |TAMS 0x00000000ec400000| PB 0x00000000ec400000| Untracked 
| 197|0x00000000ec500000, 0x00000000ec500000, 0x00000000ec600000|  0%| F|  |TAMS 0x00000000ec500000| PB 0x00000000ec500000| Untracked 
| 198|0x00000000ec600000, 0x00000000ec600000, 0x00000000ec700000|  0%| F|  |TAMS 0x00000000ec600000| PB 0x00000000ec600000| Untracked 
| 199|0x00000000ec700000, 0x00000000ec700000, 0x00000000ec800000|  0%| F|  |TAMS 0x00000000ec700000| PB 0x00000000ec700000| Untracked 
| 200|0x00000000ec800000, 0x00000000ec800000, 0x00000000ec900000|  0%| F|  |TAMS 0x00000000ec800000| PB 0x00000000ec800000| Untracked 
| 201|0x00000000ec900000, 0x00000000ec900000, 0x00000000eca00000|  0%| F|  |TAMS 0x00000000ec900000| PB 0x00000000ec900000| Untracked 
| 202|0x00000000eca00000, 0x00000000eca80000, 0x00000000ecb00000| 50%| E|  |TAMS 0x00000000eca00000| PB 0x00000000eca00000| Complete 
| 203|0x00000000ecb00000, 0x00000000ecc00000, 0x00000000ecc00000|100%| E|CS|TAMS 0x00000000ecb00000| PB 0x00000000ecb00000| Complete 
| 204|0x00000000ecc00000, 0x00000000ecd00000, 0x00000000ecd00000|100%| E|CS|TAMS 0x00000000ecc00000| PB 0x00000000ecc00000| Complete 
| 205|0x00000000ecd00000, 0x00000000ece00000, 0x00000000ece00000|100%| E|CS|TAMS 0x00000000ecd00000| PB 0x00000000ecd00000| Complete 
| 206|0x00000000ece00000, 0x00000000ecf00000, 0x00000000ecf00000|100%| E|CS|TAMS 0x00000000ece00000| PB 0x00000000ece00000| Complete 
| 207|0x00000000ecf00000, 0x00000000ed000000, 0x00000000ed000000|100%| E|CS|TAMS 0x00000000ecf00000| PB 0x00000000ecf00000| Complete 
| 208|0x00000000ed000000, 0x00000000ed100000, 0x00000000ed100000|100%| E|CS|TAMS 0x00000000ed000000| PB 0x00000000ed000000| Complete 
| 209|0x00000000ed100000, 0x00000000ed200000, 0x00000000ed200000|100%| E|CS|TAMS 0x00000000ed100000| PB 0x00000000ed100000| Complete 
| 210|0x00000000ed200000, 0x00000000ed300000, 0x00000000ed300000|100%| E|CS|TAMS 0x00000000ed200000| PB 0x00000000ed200000| Complete 
| 211|0x00000000ed300000, 0x00000000ed400000, 0x00000000ed400000|100%| E|CS|TAMS 0x00000000ed300000| PB 0x00000000ed300000| Complete 
| 212|0x00000000ed400000, 0x00000000ed500000, 0x00000000ed500000|100%| E|CS|TAMS 0x00000000ed400000| PB 0x00000000ed400000| Complete 
| 213|0x00000000ed500000, 0x00000000ed600000, 0x00000000ed600000|100%| E|CS|TAMS 0x00000000ed500000| PB 0x00000000ed500000| Complete 
| 214|0x00000000ed600000, 0x00000000ed700000, 0x00000000ed700000|100%| E|CS|TAMS 0x00000000ed600000| PB 0x00000000ed600000| Complete 
| 215|0x00000000ed700000, 0x00000000ed800000, 0x00000000ed800000|100%| E|CS|TAMS 0x00000000ed700000| PB 0x00000000ed700000| Complete 
| 216|0x00000000ed800000, 0x00000000ed900000, 0x00000000ed900000|100%| E|CS|TAMS 0x00000000ed800000| PB 0x00000000ed800000| Complete 
| 217|0x00000000ed900000, 0x00000000eda00000, 0x00000000eda00000|100%| E|CS|TAMS 0x00000000ed900000| PB 0x00000000ed900000| Complete 
| 218|0x00000000eda00000, 0x00000000edb00000, 0x00000000edb00000|100%| E|CS|TAMS 0x00000000eda00000| PB 0x00000000eda00000| Complete 
| 219|0x00000000edb00000, 0x00000000edc00000, 0x00000000edc00000|100%| E|CS|TAMS 0x00000000edb00000| PB 0x00000000edb00000| Complete 
| 220|0x00000000edc00000, 0x00000000edd00000, 0x00000000edd00000|100%| E|CS|TAMS 0x00000000edc00000| PB 0x00000000edc00000| Complete 
| 221|0x00000000edd00000, 0x00000000ede00000, 0x00000000ede00000|100%| E|CS|TAMS 0x00000000edd00000| PB 0x00000000edd00000| Complete 
| 222|0x00000000ede00000, 0x00000000edf00000, 0x00000000edf00000|100%| E|CS|TAMS 0x00000000ede00000| PB 0x00000000ede00000| Complete 
| 223|0x00000000edf00000, 0x00000000ee000000, 0x00000000ee000000|100%| E|CS|TAMS 0x00000000edf00000| PB 0x00000000edf00000| Complete 
| 224|0x00000000ee000000, 0x00000000ee100000, 0x00000000ee100000|100%| E|CS|TAMS 0x00000000ee000000| PB 0x00000000ee000000| Complete 
| 225|0x00000000ee100000, 0x00000000ee200000, 0x00000000ee200000|100%| E|CS|TAMS 0x00000000ee100000| PB 0x00000000ee100000| Complete 
| 226|0x00000000ee200000, 0x00000000ee300000, 0x00000000ee300000|100%| E|CS|TAMS 0x00000000ee200000| PB 0x00000000ee200000| Complete 
| 227|0x00000000ee300000, 0x00000000ee400000, 0x00000000ee400000|100%| E|CS|TAMS 0x00000000ee300000| PB 0x00000000ee300000| Complete 
| 228|0x00000000ee400000, 0x00000000ee500000, 0x00000000ee500000|100%| E|CS|TAMS 0x00000000ee400000| PB 0x00000000ee400000| Complete 
| 229|0x00000000ee500000, 0x00000000ee600000, 0x00000000ee600000|100%| E|CS|TAMS 0x00000000ee500000| PB 0x00000000ee500000| Complete 
| 230|0x00000000ee600000, 0x00000000ee700000, 0x00000000ee700000|100%| E|CS|TAMS 0x00000000ee600000| PB 0x00000000ee600000| Complete 
| 231|0x00000000ee700000, 0x00000000ee800000, 0x00000000ee800000|100%| E|CS|TAMS 0x00000000ee700000| PB 0x00000000ee700000| Complete 
| 232|0x00000000ee800000, 0x00000000ee900000, 0x00000000ee900000|100%| E|CS|TAMS 0x00000000ee800000| PB 0x00000000ee800000| Complete 
| 233|0x00000000ee900000, 0x00000000eea00000, 0x00000000eea00000|100%| E|CS|TAMS 0x00000000ee900000| PB 0x00000000ee900000| Complete 
| 234|0x00000000eea00000, 0x00000000eeb00000, 0x00000000eeb00000|100%| E|CS|TAMS 0x00000000eea00000| PB 0x00000000eea00000| Complete 
| 235|0x00000000eeb00000, 0x00000000eec00000, 0x00000000eec00000|100%| E|CS|TAMS 0x00000000eeb00000| PB 0x00000000eeb00000| Complete 
| 236|0x00000000eec00000, 0x00000000eed00000, 0x00000000eed00000|100%| E|CS|TAMS 0x00000000eec00000| PB 0x00000000eec00000| Complete 
| 237|0x00000000eed00000, 0x00000000eee00000, 0x00000000eee00000|100%| E|CS|TAMS 0x00000000eed00000| PB 0x00000000eed00000| Complete 
| 238|0x00000000eee00000, 0x00000000eef00000, 0x00000000eef00000|100%| E|CS|TAMS 0x00000000eee00000| PB 0x00000000eee00000| Complete 
| 239|0x00000000eef00000, 0x00000000ef000000, 0x00000000ef000000|100%| E|CS|TAMS 0x00000000eef00000| PB 0x00000000eef00000| Complete 
| 240|0x00000000ef000000, 0x00000000ef100000, 0x00000000ef100000|100%| E|CS|TAMS 0x00000000ef000000| PB 0x00000000ef000000| Complete 
| 241|0x00000000ef100000, 0x00000000ef200000, 0x00000000ef200000|100%| E|CS|TAMS 0x00000000ef100000| PB 0x00000000ef100000| Complete 
| 242|0x00000000ef200000, 0x00000000ef300000, 0x00000000ef300000|100%| E|CS|TAMS 0x00000000ef200000| PB 0x00000000ef200000| Complete 
| 243|0x00000000ef300000, 0x00000000ef400000, 0x00000000ef400000|100%| E|CS|TAMS 0x00000000ef300000| PB 0x00000000ef300000| Complete 
| 244|0x00000000ef400000, 0x00000000ef500000, 0x00000000ef500000|100%| E|CS|TAMS 0x00000000ef400000| PB 0x00000000ef400000| Complete 
| 245|0x00000000ef500000, 0x00000000ef600000, 0x00000000ef600000|100%| E|CS|TAMS 0x00000000ef500000| PB 0x00000000ef500000| Complete 
| 246|0x00000000ef600000, 0x00000000ef700000, 0x00000000ef700000|100%| E|CS|TAMS 0x00000000ef600000| PB 0x00000000ef600000| Complete 
| 247|0x00000000ef700000, 0x00000000ef800000, 0x00000000ef800000|100%| E|CS|TAMS 0x00000000ef700000| PB 0x00000000ef700000| Complete 
| 248|0x00000000ef800000, 0x00000000ef900000, 0x00000000ef900000|100%| E|CS|TAMS 0x00000000ef800000| PB 0x00000000ef800000| Complete 
| 249|0x00000000ef900000, 0x00000000efa00000, 0x00000000efa00000|100%| E|CS|TAMS 0x00000000ef900000| PB 0x00000000ef900000| Complete 
| 250|0x00000000efa00000, 0x00000000efb00000, 0x00000000efb00000|100%| E|CS|TAMS 0x00000000efa00000| PB 0x00000000efa00000| Complete 
| 251|0x00000000efb00000, 0x00000000efc00000, 0x00000000efc00000|100%| E|CS|TAMS 0x00000000efb00000| PB 0x00000000efb00000| Complete 
| 252|0x00000000efc00000, 0x00000000efd00000, 0x00000000efd00000|100%| E|CS|TAMS 0x00000000efc00000| PB 0x00000000efc00000| Complete 
| 253|0x00000000efd00000, 0x00000000efe00000, 0x00000000efe00000|100%| E|CS|TAMS 0x00000000efd00000| PB 0x00000000efd00000| Complete 
| 254|0x00000000efe00000, 0x00000000eff00000, 0x00000000eff00000|100%| E|CS|TAMS 0x00000000efe00000| PB 0x00000000efe00000| Complete 
| 255|0x00000000eff00000, 0x00000000f0000000, 0x00000000f0000000|100%| E|CS|TAMS 0x00000000eff00000| PB 0x00000000eff00000| Complete 

Card table byte_map: [0x0000027269660000,0x0000027269760000] _byte_map_base: 0x0000027268f60000

Marking Bits: (CMBitMap*) 0x000002725641fe90
 Bits: [0x0000027269760000, 0x0000027269f60000)

Polling page: 0x00000272543e0000

Metaspace:

Usage:
  Non-class:     24.96 MB used.
      Class:      4.48 MB used.
       Both:     29.44 MB used.

Virtual space:
  Non-class space:       64.00 MB reserved,      25.44 MB ( 40%) committed,  1 nodes.
      Class space:      320.00 MB reserved,       4.88 MB (  2%) committed,  1 nodes.
             Both:      384.00 MB reserved,      30.31 MB (  8%) committed. 

Chunk freelists:
   Non-Class:  6.23 MB
       Class:  11.08 MB
        Both:  17.31 MB

MaxMetaspaceSize: 384.00 MB
CompressedClassSpaceSize: 320.00 MB
Initial GC threshold: 21.00 MB
Current GC threshold: 35.25 MB
CDS: on
 - commit_granule_bytes: 65536.
 - commit_granule_words: 8192.
 - virtual_space_node_default_size: 8388608.
 - enlarge_chunks_in_place: 1.
 - use_allocation_guard: 0.


Internal statistics:

num_allocs_failed_limit: 3.
num_arena_births: 1486.
num_arena_deaths: 0.
num_vsnodes_births: 2.
num_vsnodes_deaths: 0.
num_space_committed: 485.
num_space_uncommitted: 0.
num_chunks_returned_to_freelist: 3.
num_chunks_taken_from_freelist: 2826.
num_chunk_merges: 3.
num_chunk_splits: 1867.
num_chunks_enlarged: 1213.
num_inconsistent_stats: 0.

CodeHeap 'non-profiled nmethods': size=120000Kb used=2126Kb max_used=2126Kb free=117873Kb
 bounds [0x0000027261ad0000, 0x0000027261d40000, 0x0000027269000000]
CodeHeap 'profiled nmethods': size=120000Kb used=7617Kb max_used=7617Kb free=112382Kb
 bounds [0x000002725a000000, 0x000002725a780000, 0x0000027261530000]
CodeHeap 'non-nmethods': size=5760Kb used=1524Kb max_used=1553Kb free=4235Kb
 bounds [0x0000027261530000, 0x00000272617a0000, 0x0000027261ad0000]
CodeCache: size=245760Kb, used=11267Kb, max_used=11296Kb, free=234490Kb
 total_blobs=4412, nmethods=3819, adapters=497, full_count=0
Compilation: enabled, stopped_count=0, restarted_count=0

Compilation events (20 events):
Event: 6.492 Thread 0x000002727102f8e0 3681       2       java.lang.Class::getDeclaredMethods (27 bytes)
Event: 6.492 Thread 0x000002727102f8e0 nmethod 3681 0x000002725a730090 code [0x000002725a730240, 0x000002725a730388]
Event: 6.510 Thread 0x000002727102f8e0 3683   !   2       java.util.concurrent.locks.AbstractQueuedSynchronizer::acquire (424 bytes)
Event: 6.512 Thread 0x000002727102f8e0 nmethod 3683 0x000002725a730490 code [0x000002725a730780, 0x000002725a7314b8]
Event: 6.512 Thread 0x000002727102f8e0 3684   !   2       java.util.concurrent.locks.AbstractQueuedSynchronizer::tryInitializeHead (66 bytes)
Event: 6.512 Thread 0x000002727102f8e0 nmethod 3684 0x000002725a731c10 code [0x000002725a731de0, 0x000002725a732198]
Event: 6.541 Thread 0x000002727102f8e0 3685   !   2       java.util.concurrent.locks.AbstractQueuedSynchronizer$ConditionObject::newConditionNode (78 bytes)
Event: 6.542 Thread 0x000002727102f8e0 nmethod 3685 0x000002725a732310 code [0x000002725a732520, 0x000002725a732910]
Event: 6.542 Thread 0x000002727102f8e0 3686       2       java.util.concurrent.locks.AbstractQueuedSynchronizer$ConditionNode::<init> (5 bytes)
Event: 6.542 Thread 0x000002727102f8e0 nmethod 3686 0x000002725a732b90 code [0x000002725a732d20, 0x000002725a732e28]
Event: 6.586 Thread 0x000002727102f8e0 3687       2       java.util.concurrent.locks.ReentrantLock::lockInterruptibly (8 bytes)
Event: 6.587 Thread 0x000002727102f8e0 nmethod 3687 0x000002725a732f10 code [0x000002725a733100, 0x000002725a7333b0]
Event: 6.587 Thread 0x000002727102f8e0 3688       2       java.util.concurrent.locks.ReentrantLock$Sync::lockInterruptibly (27 bytes)
Event: 6.587 Thread 0x000002727102f8e0 nmethod 3688 0x000002725a733590 code [0x000002725a733760, 0x000002725a7339f8]
Event: 6.663 Thread 0x000002727102f8e0 3689       2       jdk.internal.misc.Unsafe::putIntOpaque (9 bytes)
Event: 6.664 Thread 0x000002727102f8e0 nmethod 3689 0x000002725a733b90 code [0x000002725a733d20, 0x000002725a733e30]
Event: 6.943 Thread 0x000002727102f8e0 3690       2       java.util.concurrent.locks.AbstractQueuedSynchronizer$ConditionObject::awaitNanos (207 bytes)
Event: 6.944 Thread 0x000002727102f8e0 nmethod 3690 0x000002725a733f10 code [0x000002725a7341a0, 0x000002725a7349a0]
Event: 7.223 Thread 0x000002727102f8e0 3691   !   2       java.util.concurrent.LinkedBlockingQueue::poll (128 bytes)
Event: 7.504 Thread 0x000002727102f8e0 nmethod 3691 0x000002725a734f10 code [0x000002725a735240, 0x000002725a735c78]

GC Heap History (8 events):
Event: 0.545 GC heap before
{Heap before GC invocations=0 (full 0):
 garbage-first heap   total 262144K, used 23552K [0x00000000e0000000, 0x0000000100000000)
  region size 1024K, 23 young (23552K), 0 survivors (0K)
 Metaspace       used 851K, committed 1024K, reserved 393216K
  class space    used 60K, committed 128K, reserved 327680K
}
Event: 0.552 GC heap after
{Heap after GC invocations=1 (full 0):
 garbage-first heap   total 262144K, used 1663K [0x00000000e0000000, 0x0000000100000000)
  region size 1024K, 2 young (2048K), 2 survivors (2048K)
 Metaspace       used 851K, committed 1024K, reserved 393216K
  class space    used 60K, committed 128K, reserved 327680K
}
Event: 1.791 GC heap before
{Heap before GC invocations=1 (full 0):
 garbage-first heap   total 262144K, used 40575K [0x00000000e0000000, 0x0000000100000000)
  region size 1024K, 38 young (38912K), 2 survivors (2048K)
 Metaspace       used 3725K, committed 3904K, reserved 393216K
  class space    used 483K, committed 576K, reserved 327680K
}
Event: 1.798 GC heap after
{Heap after GC invocations=2 (full 0):
 garbage-first heap   total 262144K, used 10833K [0x00000000e0000000, 0x0000000100000000)
  region size 1024K, 5 young (5120K), 5 survivors (5120K)
 Metaspace       used 3725K, committed 3904K, reserved 393216K
  class space    used 483K, committed 576K, reserved 327680K
}
Event: 3.145 GC heap before
{Heap before GC invocations=2 (full 0):
 garbage-first heap   total 262144K, used 81489K [0x00000000e0000000, 0x0000000100000000)
  region size 1024K, 72 young (73728K), 5 survivors (5120K)
 Metaspace       used 7970K, committed 8320K, reserved 393216K
  class space    used 1130K, committed 1280K, reserved 327680K
}
Event: 3.158 GC heap after
{Heap after GC invocations=3 (full 0):
 garbage-first heap   total 262144K, used 19142K [0x00000000e0000000, 0x0000000100000000)
  region size 1024K, 9 young (9216K), 9 survivors (9216K)
 Metaspace       used 7970K, committed 8320K, reserved 393216K
  class space    used 1130K, committed 1280K, reserved 327680K
}
Event: 5.136 GC heap before
{Heap before GC invocations=3 (full 0):
 garbage-first heap   total 262144K, used 107206K [0x00000000e0000000, 0x0000000100000000)
  region size 1024K, 96 young (98304K), 9 survivors (9216K)
 Metaspace       used 20817K, committed 21504K, reserved 393216K
  class space    used 3261K, committed 3584K, reserved 327680K
}
Event: 5.150 GC heap after
{Heap after GC invocations=4 (full 0):
 garbage-first heap   total 262144K, used 25286K [0x00000000e0000000, 0x0000000100000000)
  region size 1024K, 15 young (15360K), 15 survivors (15360K)
 Metaspace       used 20817K, committed 21504K, reserved 393216K
  class space    used 3261K, committed 3584K, reserved 327680K
}

Dll operation events (4 events):
Event: 0.015 Loaded shared library C:\Users\Tpnam\.jdks\jbr-21.0.8\bin\java.dll
Event: 0.058 Loaded shared library C:\Users\Tpnam\.jdks\jbr-21.0.8\bin\zip.dll
Event: 0.064 Loaded shared library C:\Users\Tpnam\.jdks\jbr-21.0.8\bin\jsvml.dll
Event: 0.824 Loaded shared library C:\Users\Tpnam\.jdks\jbr-21.0.8\bin\verify.dll

Deoptimization events (20 events):
Event: 6.323 Thread 0x0000027272b37610 Uncommon trap: trap_request=0xffffffc6 fr.pc=0x0000027261cca898 relative=0x0000000000000638
Event: 6.323 Thread 0x0000027272b37610 Uncommon trap: reason=bimorphic_or_optimized_type_check action=maybe_recompile pc=0x0000027261cca898 method=java.io.BufferedInputStream.implRead([BII)I @ 100 c2
Event: 6.323 Thread 0x0000027272b37610 DEOPT PACKING pc=0x0000027261cca898 sp=0x000000f8b4ff80f0
Event: 6.323 Thread 0x0000027272b37610 DEOPT UNPACKING pc=0x00000272615846a2 sp=0x000000f8b4ff80d8 mode 2
Event: 6.389 Thread 0x0000027272b37610 Uncommon trap: trap_request=0xffffff45 fr.pc=0x0000027261c11cdc relative=0x000000000000063c
Event: 6.390 Thread 0x0000027272b37610 Uncommon trap: reason=unstable_if action=reinterpret pc=0x0000027261c11cdc method=jdk.internal.org.objectweb.asm.MethodWriter.visitVarInsn(II)V @ 108 c2
Event: 6.390 Thread 0x0000027272b37610 DEOPT PACKING pc=0x0000027261c11cdc sp=0x000000f8b4fefe60
Event: 6.390 Thread 0x0000027272b37610 DEOPT UNPACKING pc=0x00000272615846a2 sp=0x000000f8b4fefe28 mode 2
Event: 6.390 Thread 0x0000027272b37610 Uncommon trap: trap_request=0xffffff45 fr.pc=0x0000027261cd9d74 relative=0x00000000000015b4
Event: 6.390 Thread 0x0000027272b37610 Uncommon trap: reason=unstable_if action=reinterpret pc=0x0000027261cd9d74 method=jdk.internal.org.objectweb.asm.MethodWriter.visitMethodInsn(ILjava/lang/String;Ljava/lang/String;Ljava/lang/String;Z)V @ 81 c2
Event: 6.390 Thread 0x0000027272b37610 DEOPT PACKING pc=0x0000027261cd9d74 sp=0x000000f8b4fefe30
Event: 6.390 Thread 0x0000027272b37610 DEOPT UNPACKING pc=0x00000272615846a2 sp=0x000000f8b4fefdf0 mode 2
Event: 6.390 Thread 0x0000027272b37610 Uncommon trap: trap_request=0xffffff45 fr.pc=0x0000027261caef84 relative=0x0000000000000964
Event: 6.390 Thread 0x0000027272b37610 Uncommon trap: reason=unstable_if action=reinterpret pc=0x0000027261caef84 method=jdk.internal.org.objectweb.asm.MethodWriter.visitInsn(I)V @ 24 c2
Event: 6.390 Thread 0x0000027272b37610 DEOPT PACKING pc=0x0000027261caef84 sp=0x000000f8b4fefe40
Event: 6.390 Thread 0x0000027272b37610 DEOPT UNPACKING pc=0x00000272615846a2 sp=0x000000f8b4fefe28 mode 2
Event: 6.394 Thread 0x0000027272b37610 Uncommon trap: trap_request=0xffffff45 fr.pc=0x0000027261c2f7c8 relative=0x0000000000001388
Event: 6.394 Thread 0x0000027272b37610 Uncommon trap: reason=unstable_if action=reinterpret pc=0x0000027261c2f7c8 method=java.lang.invoke.LambdaForm.useCount(Ljava/lang/invoke/LambdaForm$Name;)I @ 8 c2
Event: 6.394 Thread 0x0000027272b37610 DEOPT PACKING pc=0x0000027261c2f7c8 sp=0x000000f8b4ff5870
Event: 6.394 Thread 0x0000027272b37610 DEOPT UNPACKING pc=0x00000272615846a2 sp=0x000000f8b4ff56d0 mode 2

Classes loaded (20 events):
Event: 4.679 Loading class javax/xml/xpath/XPathExpressionException
Event: 4.679 Loading class javax/xml/xpath/XPathException
Event: 4.679 Loading class javax/xml/xpath/XPathException done
Event: 4.679 Loading class javax/xml/xpath/XPathExpressionException done
Event: 4.679 Loading class org/xml/sax/ErrorHandler
Event: 4.680 Loading class org/xml/sax/ErrorHandler done
Event: 5.042 Loading class java/util/zip/GZIPOutputStream
Event: 5.044 Loading class java/util/zip/GZIPOutputStream done
Event: 5.412 Loading class java/util/ArrayDeque$DeqSpliterator
Event: 5.413 Loading class java/util/ArrayDeque$DeqSpliterator done
Event: 5.711 Loading class sun/nio/fs/WindowsPath$1
Event: 5.711 Loading class sun/nio/fs/WindowsPath$1 done
Event: 6.089 Loading class java/beans/Transient
Event: 6.090 Loading class java/beans/Transient done
Event: 6.436 Loading class java/lang/reflect/GenericSignatureFormatError
Event: 6.436 Loading class java/lang/reflect/GenericSignatureFormatError done
Event: 6.436 Loading class java/lang/reflect/MalformedParameterizedTypeException
Event: 6.436 Loading class java/lang/reflect/MalformedParameterizedTypeException done
Event: 6.488 Loading class java/lang/ProcessHandle$Info
Event: 6.488 Loading class java/lang/ProcessHandle$Info done

Classes unloaded (0 events):
No events

Classes redefined (0 events):
No events

Internal exceptions (20 events):
Event: 5.326 Thread 0x0000027272b37610 Exception <a 'java/lang/NoSuchMethodError'{0x00000000ef6432c0}: 'java.lang.Object java.lang.invoke.DirectMethodHandle$Holder.newInvokeSpecial(java.lang.Object, java.lang.Object, java.lang.Object, java.lang.Object, java.lang.Object, java.lang.Object, java.lang.Object, java.lang.Object, java.lang.Object)'> (0x00000000ef6432c0) 
thrown [s\src\hotspot\share\interpreter\linkResolver.cpp, line 784]
Event: 5.481 Thread 0x0000027272b37610 Exception <a 'java/lang/NoSuchMethodError'{0x00000000ef0721d0}: 'void java.lang.invoke.DirectMethodHandle$Holder.invokeInterface(java.lang.Object, java.lang.Object, java.lang.Object, java.lang.Object, java.lang.Object)'> (0x00000000ef0721d0) 
thrown [s\src\hotspot\share\interpreter\linkResolver.cpp, line 784]
Event: 5.486 Thread 0x0000027272b37610 Exception <a 'java/lang/NoSuchMethodError'{0x00000000ef0b27c8}: 'void java.lang.invoke.DirectMethodHandle$Holder.invokeStatic(java.lang.Object, java.lang.Object, java.lang.Object, java.lang.Object, java.lang.Object, java.lang.Object)'> (0x00000000ef0b27c8) 
thrown [s\src\hotspot\share\interpreter\linkResolver.cpp, line 784]
Event: 5.699 Thread 0x0000027272b37610 Exception <a 'java/lang/IncompatibleClassChangeError'{0x00000000ee8f41e8}: Found class java.lang.Object, but interface was expected> (0x00000000ee8f41e8) 
thrown [s\src\hotspot\share\interpreter\linkResolver.cpp, line 851]
Event: 5.722 Thread 0x0000027272b37610 Exception <a 'java/lang/NoSuchMethodError'{0x00000000ee7f1748}: 'java.lang.Object java.lang.invoke.DirectMethodHandle$Holder.newInvokeSpecial(java.lang.Object, java.lang.Object, long)'> (0x00000000ee7f1748) 
thrown [s\src\hotspot\share\interpreter\linkResolver.cpp, line 784]
Event: 5.722 Thread 0x0000027272b37610 Exception <a 'java/lang/NoSuchMethodError'{0x00000000ee7f5b20}: 'java.lang.Object java.lang.invoke.Invokers$Holder.linkToTargetMethod(java.lang.Object, long, java.lang.Object)'> (0x00000000ee7f5b20) 
thrown [s\src\hotspot\share\interpreter\linkResolver.cpp, line 784]
Event: 5.783 Thread 0x0000027272b37610 Exception <a 'java/lang/NoSuchMethodError'{0x00000000ee4471b0}: 'int java.lang.invoke.DirectMethodHandle$Holder.invokeInterface(java.lang.Object, java.lang.Object)'> (0x00000000ee4471b0) 
thrown [s\src\hotspot\share\interpreter\linkResolver.cpp, line 784]
Event: 5.800 Thread 0x0000027272b37610 Exception <a 'java/lang/NoSuchMethodError'{0x00000000ee4d4000}: 'java.lang.Object java.lang.invoke.DirectMethodHandle$Holder.invokeVirtual(java.lang.Object, java.lang.Object, int)'> (0x00000000ee4d4000) 
thrown [s\src\hotspot\share\interpreter\linkResolver.cpp, line 784]
Event: 5.806 Thread 0x0000027272b37610 Exception <a 'java/lang/NoSuchMethodError'{0x00000000ee3084c8}: 'void java.lang.invoke.DirectMethodHandle$Holder.invokeStatic(java.lang.Object, java.lang.Object, java.lang.Object, int)'> (0x00000000ee3084c8) 
thrown [s\src\hotspot\share\interpreter\linkResolver.cpp, line 784]
Event: 5.959 Thread 0x0000027272b37610 Exception <a 'java/lang/NoSuchMethodError'{0x00000000ee3a8e50}: 'java.lang.Object java.lang.invoke.DirectMethodHandle$Holder.invokeStatic(java.lang.Object, java.lang.Object, int, java.lang.Object)'> (0x00000000ee3a8e50) 
thrown [s\src\hotspot\share\interpreter\linkResolver.cpp, line 784]
Event: 5.959 Thread 0x0000027272b37610 Exception <a 'java/lang/NoSuchMethodError'{0x00000000ee3b0298}: 'java.lang.Object java.lang.invoke.DirectMethodHandle$Holder.newInvokeSpecial(java.lang.Object, java.lang.Object, int, java.lang.Object)'> (0x00000000ee3b0298) 
thrown [s\src\hotspot\share\interpreter\linkResolver.cpp, line 784]
Event: 5.960 Thread 0x0000027272b37610 Exception <a 'java/lang/NoSuchMethodError'{0x00000000ee3b4d20}: 'java.lang.Object java.lang.invoke.DirectMethodHandle$Holder.invokeSpecial(java.lang.Object, java.lang.Object, java.lang.Object, int, java.lang.Object)'> (0x00000000ee3b4d20) 
thrown [s\src\hotspot\share\interpreter\linkResolver.cpp, line 784]
Event: 6.048 Thread 0x0000027272b37610 Exception <a 'java/lang/NoSuchMethodError'{0x00000000ee094980}: 'void java.lang.invoke.DirectMethodHandle$Holder.invokeInterface(java.lang.Object, java.lang.Object, java.lang.Object, java.lang.Object, java.lang.Object, java.lang.Object, java.lang.Object)'> (0x00000000ee094980) 
thrown [s\src\hotspot\share\interpreter\linkResolver.cpp, line 784]
Event: 6.049 Thread 0x0000027272b37610 Exception <a 'java/lang/NoSuchMethodError'{0x00000000ee099308}: 'void java.lang.invoke.DelegatingMethodHandle$Holder.reinvoke_L(java.lang.Object, java.lang.Object, java.lang.Object, java.lang.Object, java.lang.Object, java.lang.Object, java.lang.Object)'> (0x00000000ee099308) 
thrown [s\src\hotspot\share\interpreter\linkResolver.cpp, line 784]
Event: 6.127 Thread 0x0000027272b37610 Exception <a 'java/lang/NoSuchMethodError'{0x00000000edec4c08}: 'java.lang.Object java.lang.invoke.DirectMethodHandle$Holder.invokeSpecial(java.lang.Object, java.lang.Object, java.lang.Object, int, java.lang.Object, java.lang.Object)'> (0x00000000edec4c08) 
thrown [s\src\hotspot\share\interpreter\linkResolver.cpp, line 784]
Event: 6.389 Thread 0x0000027272b37610 Implicit null exception at 0x0000027261c117b4 to 0x0000027261c11cd0
Event: 6.390 Thread 0x0000027272b37610 Implicit null exception at 0x0000027261cd88c3 to 0x0000027261cd9d64
Event: 6.390 Thread 0x0000027272b37610 Implicit null exception at 0x0000027261cae6b0 to 0x0000027261caef74
Event: 6.390 Thread 0x0000027272b37610 Exception <a 'java/lang/NoSuchMethodError'{0x00000000ed81a150}: 'java.lang.reflect.Method[] java.lang.Class.getDeclaredMethods(java.lang.Class)'> (0x00000000ed81a150) 
thrown [s\src\hotspot\share\interpreter\linkResolver.cpp, line 784]
Event: 6.459 Thread 0x0000027272b37610 Exception <a 'java/lang/NoSuchMethodError'{0x00000000ed7cd278}: 'void java.lang.invoke.DirectMethodHandle$Holder.invokeStaticInit(java.lang.Object, java.lang.Object, java.lang.Object, java.lang.Object, java.lang.Object)'> (0x00000000ed7cd278) 
thrown [s\src\hotspot\share\interpreter\linkResolver.cpp, line 784]

ZGC Phase Switch (0 events):
No events

VM Operations (20 events):
Event: 5.161 Executing VM operation: G1PauseRemark done
Event: 5.163 Executing VM operation: G1PauseCleanup
Event: 5.163 Executing VM operation: G1PauseCleanup done
Event: 5.449 Executing VM operation: HandshakeAllThreads (Deoptimize)
Event: 5.449 Executing VM operation: HandshakeAllThreads (Deoptimize) done
Event: 5.698 Executing VM operation: HandshakeAllThreads (Deoptimize)
Event: 5.698 Executing VM operation: HandshakeAllThreads (Deoptimize) done
Event: 5.702 Executing VM operation: HandshakeAllThreads (Deoptimize)
Event: 5.702 Executing VM operation: HandshakeAllThreads (Deoptimize) done
Event: 5.731 Executing VM operation: HandshakeAllThreads (Deoptimize)
Event: 5.731 Executing VM operation: HandshakeAllThreads (Deoptimize) done
Event: 6.055 Executing VM operation: HandshakeAllThreads (Deoptimize)
Event: 6.055 Executing VM operation: HandshakeAllThreads (Deoptimize) done
Event: 6.056 Executing VM operation: HandshakeAllThreads (Deoptimize)
Event: 6.056 Executing VM operation: HandshakeAllThreads (Deoptimize) done
Event: 6.366 Executing VM operation: HandshakeAllThreads (Deoptimize)
Event: 6.366 Executing VM operation: HandshakeAllThreads (Deoptimize) done
Event: 6.366 Executing VM operation: Cleanup
Event: 6.366 Executing VM operation: Cleanup done
Event: 7.380 Executing VM operation: Cleanup

Memory protections (0 events):
No events

Nmethod flushes (0 events):
No events

Events (20 events):
Event: 3.112 Thread 0x00000272563f4470 Thread added: 0x0000027272b39d70
Event: 3.139 Loaded shared library C:\Users\Tpnam\.jdks\jbr-21.0.8\bin\sunmscapi.dll
Event: 3.185 Thread 0x000002727100c3d0 Thread added: 0x0000027272b38330
Event: 3.187 Thread 0x0000027272b38330 Thread added: 0x0000027272b396e0
Event: 3.236 Thread 0x0000027272b38330 Thread added: 0x0000027272b389c0
Event: 3.244 Thread 0x0000027272b38330 Thread added: 0x0000027272b37610
Event: 3.253 Thread 0x0000027272b37610 Thread added: 0x0000027272b368f0
Event: 3.256 Thread 0x0000027272b37610 Thread added: 0x0000027272b37ca0
Event: 3.259 Thread 0x0000027272b37610 Thread added: 0x0000027272b3a400
Event: 3.434 Thread 0x0000027271cd7b70 Thread exited: 0x0000027271cd7b70
Event: 3.771 Thread 0x0000027272b37610 Thread added: 0x0000027272b36f80
Event: 3.777 Thread 0x0000027272b37610 Thread added: 0x0000027272b3b7b0
Event: 3.802 Thread 0x0000027272b37610 Thread added: 0x0000027272b3be40
Event: 3.949 Thread 0x000002727102f8e0 Thread added: 0x0000027273508db0
Event: 5.080 Thread 0x0000027272b37610 Thread added: 0x0000027272b3df10
Event: 5.100 Thread 0x0000027272b37610 Thread added: 0x0000027272b3cb60
Event: 5.393 Thread 0x0000027272b37610 Thread added: 0x0000027272b3d1f0
Event: 5.403 Thread 0x0000027272b37610 Thread added: 0x0000027272b3d880
Event: 5.961 Thread 0x0000027272b37610 Thread added: 0x0000027272b3b120
Event: 6.024 Thread 0x0000027272b37610 Thread added: 0x00000272757c5ad0


Dynamic libraries:
0x00007ff62f050000 - 0x00007ff62f05a000 	C:\Users\Tpnam\.jdks\jbr-21.0.8\bin\java.exe
0x00007ffcd1be0000 - 0x00007ffcd1e47000 	C:\WINDOWS\SYSTEM32\ntdll.dll
0x00007ffcd05f0000 - 0x00007ffcd06b9000 	C:\WINDOWS\System32\KERNEL32.DLL
0x00007ffccf4b0000 - 0x00007ffccf8a0000 	C:\WINDOWS\System32\KERNELBASE.dll
0x00007ffccf2c0000 - 0x00007ffccf40b000 	C:\WINDOWS\System32\ucrtbase.dll
0x00007ffcc3f60000 - 0x00007ffcc3f7b000 	C:\Users\Tpnam\.jdks\jbr-21.0.8\bin\VCRUNTIME140.dll
0x00007ffcb4200000 - 0x00007ffcb4218000 	C:\Users\Tpnam\.jdks\jbr-21.0.8\bin\jli.dll
0x00007ffcd0cf0000 - 0x00007ffcd0eb5000 	C:\WINDOWS\System32\USER32.dll
0x00007ffccf290000 - 0x00007ffccf2b7000 	C:\WINDOWS\System32\win32u.dll
0x00007ffcc04e0000 - 0x00007ffcc077a000 	C:\WINDOWS\WinSxS\amd64_microsoft.windows.common-controls_6595b64144ccf1df_6.0.26100.4768_none_3e0c112ce331287c\COMCTL32.dll
0x00007ffcd19d0000 - 0x00007ffcd19fb000 	C:\WINDOWS\System32\GDI32.dll
0x00007ffcd1a00000 - 0x00007ffcd1aa9000 	C:\WINDOWS\System32\msvcrt.dll
0x00007ffccf0a0000 - 0x00007ffccf1d8000 	C:\WINDOWS\System32\gdi32full.dll
0x00007ffccf1e0000 - 0x00007ffccf283000 	C:\WINDOWS\System32\msvcp_win.dll
0x00007ffccfc70000 - 0x00007ffccfc9f000 	C:\WINDOWS\System32\IMM32.DLL
0x00007ffccbf90000 - 0x00007ffccbf9c000 	C:\Users\Tpnam\.jdks\jbr-21.0.8\bin\vcruntime140_1.dll
0x00007ffca5880000 - 0x00007ffca590d000 	C:\Users\Tpnam\.jdks\jbr-21.0.8\bin\msvcp140.dll
0x00007ffc54710000 - 0x00007ffc554db000 	C:\Users\Tpnam\.jdks\jbr-21.0.8\bin\server\jvm.dll
0x00007ffcd0f70000 - 0x00007ffcd1024000 	C:\WINDOWS\System32\ADVAPI32.dll
0x00007ffcd0730000 - 0x00007ffcd07d6000 	C:\WINDOWS\System32\sechost.dll
0x00007ffccfd20000 - 0x00007ffccfe38000 	C:\WINDOWS\System32\RPCRT4.dll
0x00007ffccfbf0000 - 0x00007ffccfc64000 	C:\WINDOWS\System32\WS2_32.dll
0x00007ffcceb70000 - 0x00007ffccebce000 	C:\WINDOWS\SYSTEM32\POWRPROF.dll
0x00007ffcc7f00000 - 0x00007ffcc7f35000 	C:\WINDOWS\SYSTEM32\WINMM.dll
0x00007ffcc7f40000 - 0x00007ffcc7f4b000 	C:\WINDOWS\SYSTEM32\VERSION.dll
0x00007ffcceb50000 - 0x00007ffcceb64000 	C:\WINDOWS\SYSTEM32\UMPDC.dll
0x00007ffccda90000 - 0x00007ffccdaab000 	C:\WINDOWS\SYSTEM32\kernel.appcore.dll
0x00007ffcc4de0000 - 0x00007ffcc4dea000 	C:\Users\Tpnam\.jdks\jbr-21.0.8\bin\jimage.dll
0x00007ffcc2fa0000 - 0x00007ffcc31e1000 	C:\WINDOWS\SYSTEM32\DBGHELP.DLL
0x00007ffcd0260000 - 0x00007ffcd05e5000 	C:\WINDOWS\System32\combase.dll
0x00007ffcd1ab0000 - 0x00007ffcd1b90000 	C:\WINDOWS\System32\OLEAUT32.dll
0x00007ffcbef80000 - 0x00007ffcbefc3000 	C:\WINDOWS\SYSTEM32\dbgcore.DLL
0x00007ffccf410000 - 0x00007ffccf4a9000 	C:\WINDOWS\System32\bcryptPrimitives.dll
0x00007ffcc3f50000 - 0x00007ffcc3f5e000 	C:\Users\Tpnam\.jdks\jbr-21.0.8\bin\instrument.dll
0x00007ffcb41e0000 - 0x00007ffcb4200000 	C:\Users\Tpnam\.jdks\jbr-21.0.8\bin\java.dll
0x00007ffcd1200000 - 0x00007ffcd194d000 	C:\WINDOWS\System32\SHELL32.dll
0x00007ffccef20000 - 0x00007ffccf093000 	C:\WINDOWS\System32\wintypes.dll
0x00007ffccc930000 - 0x00007ffccd190000 	C:\WINDOWS\SYSTEM32\windows.storage.dll
0x00007ffcd0160000 - 0x00007ffcd0255000 	C:\WINDOWS\System32\SHCORE.dll
0x00007ffccfcb0000 - 0x00007ffccfd1a000 	C:\WINDOWS\System32\shlwapi.dll
0x00007ffccec30000 - 0x00007ffccec59000 	C:\WINDOWS\SYSTEM32\profapi.dll
0x00007ffcb41c0000 - 0x00007ffcb41d8000 	C:\Users\Tpnam\.jdks\jbr-21.0.8\bin\zip.dll
0x00007ffc636f0000 - 0x00007ffc637c7000 	C:\Users\Tpnam\.jdks\jbr-21.0.8\bin\jsvml.dll
0x00007ffcb5570000 - 0x00007ffcb5580000 	C:\Users\Tpnam\.jdks\jbr-21.0.8\bin\net.dll
0x00007ffcc4170000 - 0x00007ffcc428e000 	C:\WINDOWS\SYSTEM32\WINHTTP.dll
0x00007ffcce020000 - 0x00007ffcce08b000 	C:\WINDOWS\system32\mswsock.dll
0x00007ffcb41a0000 - 0x00007ffcb41b6000 	C:\Users\Tpnam\.jdks\jbr-21.0.8\bin\nio.dll
0x00007ffcb5390000 - 0x00007ffcb53a0000 	C:\Users\Tpnam\.jdks\jbr-21.0.8\bin\verify.dll
0x00007ffcb52f0000 - 0x00007ffcb5317000 	C:\Users\Tpnam\.gradle\native\1def1411415f61bf3af743bc5b6707747c0891f09f0c88961ee8f79bc544acac\windows-amd64\native-platform.dll
0x00007ffcb5000000 - 0x00007ffcb5078000 	C:\Users\Tpnam\.gradle\native\0.2.7\x86_64-windows-gnu\gradle-fileevents.dll
0x00007ffcb52e0000 - 0x00007ffcb52e9000 	C:\Users\Tpnam\.jdks\jbr-21.0.8\bin\management.dll
0x00007ffcb4d10000 - 0x00007ffcb4d1b000 	C:\Users\Tpnam\.jdks\jbr-21.0.8\bin\management_ext.dll
0x00007ffccfa20000 - 0x00007ffccfa28000 	C:\WINDOWS\System32\PSAPI.DLL
0x00007ffccd4f0000 - 0x00007ffccd523000 	C:\WINDOWS\SYSTEM32\IPHLPAPI.DLL
0x00007ffccfbe0000 - 0x00007ffccfbea000 	C:\WINDOWS\System32\NSI.dll
0x00007ffcb4b90000 - 0x00007ffcb4b99000 	C:\Users\Tpnam\.jdks\jbr-21.0.8\bin\extnet.dll
0x00007ffcce2e0000 - 0x00007ffcce2fb000 	C:\WINDOWS\SYSTEM32\CRYPTSP.dll
0x00007ffccd9f0000 - 0x00007ffccda2b000 	C:\WINDOWS\system32\rsaenh.dll
0x00007ffcce0c0000 - 0x00007ffcce0eb000 	C:\WINDOWS\SYSTEM32\USERENV.dll
0x00007ffccec00000 - 0x00007ffccec26000 	C:\WINDOWS\SYSTEM32\bcrypt.dll
0x00007ffcce300000 - 0x00007ffcce30c000 	C:\WINDOWS\SYSTEM32\CRYPTBASE.dll
0x00007ffcb43d0000 - 0x00007ffcb43de000 	C:\Users\Tpnam\.jdks\jbr-21.0.8\bin\sunmscapi.dll
0x00007ffcced10000 - 0x00007ffccee87000 	C:\WINDOWS\System32\CRYPT32.dll
0x00007ffcce500000 - 0x00007ffcce530000 	C:\WINDOWS\SYSTEM32\ncrypt.dll
0x00007ffcce4b0000 - 0x00007ffcce4ef000 	C:\WINDOWS\SYSTEM32\NTASN1.dll
0x00007ffca6600000 - 0x00007ffca6608000 	C:\WINDOWS\system32\wshunix.dll

JVMTI agents:
C:\Users\Tpnam\.gradle\wrapper\dists\gradle-8.14.2-bin\2pb3mgt1p815evrl3weanttgr\gradle-8.14.2\lib\agents\gradle-instrumentation-agent-8.14.2.jar path:C:\Users\Tpnam\.jdks\jbr-21.0.8\bin\instrument.dll, loaded, initialized, instrumentlib options:none

dbghelp: loaded successfully - version: 4.0.5 - missing functions: none
symbol engine: initialized successfully - sym options: 0x614 - pdb path: .;C:\Users\Tpnam\.jdks\jbr-21.0.8\bin;C:\WINDOWS\SYSTEM32;C:\WINDOWS\WinSxS\amd64_microsoft.windows.common-controls_6595b64144ccf1df_6.0.26100.4768_none_3e0c112ce331287c;C:\Users\Tpnam\.jdks\jbr-21.0.8\bin\server;C:\Users\Tpnam\.gradle\native\1def1411415f61bf3af743bc5b6707747c0891f09f0c88961ee8f79bc544acac\windows-amd64;C:\Users\Tpnam\.gradle\native\0.2.7\x86_64-windows-gnu

VM Arguments:
jvm_args: --add-opens=java.base/java.lang=ALL-UNNAMED --add-opens=java.base/java.lang.invoke=ALL-UNNAMED --add-opens=java.base/java.util=ALL-UNNAMED --add-opens=java.prefs/java.util.prefs=ALL-UNNAMED --add-exports=jdk.compiler/com.sun.tools.javac.api=ALL-UNNAMED --add-exports=jdk.compiler/com.sun.tools.javac.util=ALL-UNNAMED --add-opens=java.base/java.util=ALL-UNNAMED --add-opens=java.prefs/java.util.prefs=ALL-UNNAMED --add-opens=java.base/java.nio.charset=ALL-UNNAMED --add-opens=java.base/java.net=ALL-UNNAMED --add-opens=java.base/java.util.concurrent.atomic=ALL-UNNAMED --add-opens=java.xml/javax.xml.namespace=ALL-UNNAMED -XX:MaxMetaspaceSize=384m -XX:+HeapDumpOnOutOfMemoryError -Xms256m -Xmx512m -Dfile.encoding=UTF-8 -Duser.country=US -Duser.language=en -Duser.variant -javaagent:C:\Users\Tpnam\.gradle\wrapper\dists\gradle-8.14.2-bin\2pb3mgt1p815evrl3weanttgr\gradle-8.14.2\lib\agents\gradle-instrumentation-agent-8.14.2.jar 
java_command: org.gradle.launcher.daemon.bootstrap.GradleDaemon 8.14.2
java_class_path (initial): C:\Users\Tpnam\.gradle\wrapper\dists\gradle-8.14.2-bin\2pb3mgt1p815evrl3weanttgr\gradle-8.14.2\lib\gradle-daemon-main-8.14.2.jar
Launcher Type: SUN_STANDARD

[Global flags]
     intx CICompilerCount                          = 4                                         {product} {ergonomic}
   size_t CompressedClassSpaceSize                 = 335544320                                 {product} {ergonomic}
     uint ConcGCThreads                            = 3                                         {product} {ergonomic}
     uint G1ConcRefinementThreads                  = 10                                        {product} {ergonomic}
   size_t G1HeapRegionSize                         = 1048576                                   {product} {ergonomic}
    uintx GCDrainStackTargetSize                   = 64                                        {product} {ergonomic}
     bool HeapDumpOnOutOfMemoryError               = true                                   {manageable} {command line}
   size_t InitialHeapSize                          = 268435456                                 {product} {command line}
   size_t MarkStackSize                            = 4194304                                   {product} {ergonomic}
   size_t MaxHeapSize                              = 536870912                                 {product} {command line}
   size_t MaxMetaspaceSize                         = 402653184                                 {product} {command line}
   size_t MaxNewSize                               = 321912832                                 {product} {ergonomic}
   size_t MinHeapDeltaBytes                        = 1048576                                   {product} {ergonomic}
   size_t MinHeapSize                              = 268435456                                 {product} {command line}
    uintx NonNMethodCodeHeapSize                   = 5839372                                {pd product} {ergonomic}
    uintx NonProfiledCodeHeapSize                  = 122909434                              {pd product} {ergonomic}
    uintx ProfiledCodeHeapSize                     = 122909434                              {pd product} {ergonomic}
    uintx ReservedCodeCacheSize                    = 251658240                              {pd product} {ergonomic}
     bool SegmentedCodeCache                       = true                                      {product} {ergonomic}
   size_t SoftMaxHeapSize                          = 536870912                              {manageable} {ergonomic}
     bool UseCompressedOops                        = true                           {product lp64_product} {ergonomic}
     bool UseG1GC                                  = true                                      {product} {ergonomic}
     bool UseLargePagesIndividualAllocation        = false                                  {pd product} {ergonomic}

Logging:
Log output configuration:
 #0: stdout all=warning uptime,level,tags foldmultilines=false
 #1: stderr all=off uptime,level,tags foldmultilines=false

Environment Variables:
JAVA_HOME=D:\jdk-21\jdk-21.0.8
PATH=C:\WINDOWS\system32;C:\WINDOWS;C:\WINDOWS\System32\Wbem;C:\WINDOWS\System32\WindowsPowerShell\v1.0\;C:\WINDOWS\System32\OpenSSH\;C:\Program Files\dotnet\;C:\Program Files\NVIDIA Corporation\NVIDIA NvDLISR;C:\Program Files\Azure Data Studio\bin;C:\Program Files (x86)\Microsoft SQL Server\160\Tools\Binn\;C:\Program Files\Microsoft SQL Server\160\Tools\Binn\;C:\Program Files\Microsoft SQL Server\Client SDK\ODBC\170\Tools\Binn\;C:\Program Files\Microsoft SQL Server\160\DTS\Binn\;C:\Program Files (x86)\Microsoft SQL Server\160\DTS\Binn\;C:\Program Files\Microsoft SQL Server\150\Tools\Binn\;D:\project2\PHP-Laravel\htdocts\DemoPHP;D:\Program Files\Git\cmd;D:\ENJS\nodejs\;C:\Users\Tpnam\AppData\Local\Programs\Python\Python313\Scripts;C:\Program Files (x86)\Windows Kits\10\Windows Performance Toolkit\;C:\WINDOWS\system32;C:\WINDOWS;C:\WINDOWS\System32\Wbem;C:\WINDOWS\System32\WindowsPowerShell\v1.0\;C:\WINDOWS\System32\OpenSSH\;C:\ProgramData\ComposerSetup\bin;D:\pject2\Xampp\php\php.ini;D:\pject2\Xampp\php;D:\pject2\php-8.2.28-nts-Win32-vs16-x64\php.ini-development;C:\Users\Tpnam\Downloads\openjdk-20+36_windows-x64_bin\jdk-20\bin;D:\jdk-21\jdk-21.0.8\bin;C:\Users\Tpnam\AppData\Local\Programs\Python\Python313;C:\Users\Tpnam\AppData\Local\Microsoft\WindowsApps;D:\Microsoft VS Code\bin;C:\Users\Tpnam\AppData\Local\GitHubDesktop\bin;C:\Program Files\Azure Data Studio\bin;C:\Users\Tpnam\AppData\Roaming\Composer\vendor\bin;D:\LMD\bin;D:\LMD\mongosh\;C:\Users\Tpnam\AppData\Roaming\npm;C:\Program Files (x86)\MongoDB Atlas CLI\;C:\Users\Tpnam\AppData\Local\Programs\Python\Python313\Scripts;C:\Users\Tpnam\.dotnet\tools;D:\pject2\Xampp\php\php.ini;D:\pject2\Xampp\php;D:\pject2\php-8.2.28-nts-Win32-vs16-x64\php.ini-development;C:\Users\Tpnam\Downloads\openjdk-20+36_windows-x64_bin\jdk-20\bin;C:\Users\Tpnam\AppData\Local\Programs\Windsurf\bin;D:\jdk-21\jdk-21.0.8\bin;D:\devtool\flutter\bin;d:\Program Files\JetBrains\IntelliJ IDEA 2025.2\bin
USERNAME=Tpnam
OS=Windows_NT
PROCESSOR_IDENTIFIER=AMD64 Family 23 Model 96 Stepping 1, AuthenticAMD
TMP=C:\Users\Tpnam\AppData\Local\Temp
TEMP=C:\Users\Tpnam\AppData\Local\Temp




Periodic native trim disabled

JNI global refs:
JNI global refs: 26, weak refs: 2

JNI global refs memory usage: 835, weak refs: 833

Process memory usage:
Resident Set Size: 342104K (4% of 7730500K total physical memory with 735720K free physical memory)

OOME stack traces (most recent first):
Classloader memory used:
Loader org.gradle.internal.classloader.VisitableURLClassLoader                         : 20186K
Loader bootstrap                                                                       : 6959K
Loader org.gradle.initialization.MixInLegacyTypesClassLoader                           : 2599K
Loader jdk.internal.loader.ClassLoaders$PlatformClassLoader                            : 268K
Loader jdk.internal.loader.ClassLoaders$AppClassLoader                                 : 237K
Loader org.gradle.groovy.scripts.internal.DefaultScriptCompilationHandler$ScriptClassLoader: 6352B

Classes loaded by more than one classloader:
Class org.gradle.internal.classloader.FilteringClassLoader                            : loaded 2 times (x 105B)
Class org.gradle.internal.classloader.ClassLoaderHierarchy                            : loaded 2 times (x 70B)
Class org.gradle.api.internal.classpath.ManifestUtil                                  : loaded 2 times (x 71B)
Class org.gradle.internal.classloader.DefaultClassLoaderFactory                       : loaded 2 times (x 82B)
Class org.gradle.internal.classloader.ClassLoaderVisitor                              : loaded 2 times (x 76B)
Class org.gradle.api.internal.classpath.EffectiveClassPath                            : loaded 2 times (x 90B)
Class org.gradle.api.internal.DefaultClassPathProvider                                : loaded 2 times (x 76B)
Class [Lorg.gradle.api.internal.ClassPathProvider;                                    : loaded 2 times (x 69B)
Class org.gradle.api.internal.ClassPathProvider                                       : loaded 2 times (x 70B)
Class org.gradle.internal.service.UnknownServiceException                             : loaded 2 times (x 83B)
Class org.gradle.internal.classpath.TransformedClassPath                              : loaded 2 times (x 96B)
Class org.gradle.internal.classloader.InstrumentingClassLoader                        : loaded 2 times (x 70B)
Class org.gradle.internal.service.ServiceLocator                                      : loaded 2 times (x 70B)
Class org.gradle.internal.InternalTransformer                                         : loaded 2 times (x 70B)
Class org.gradle.internal.classloader.ClasspathUtil$1                                 : loaded 2 times (x 76B)
Class org.gradle.api.internal.classpath.DefaultModuleRegistry$DefaultModule           : loaded 2 times (x 86B)
Class org.gradle.api.internal.classpath.Module                                        : loaded 2 times (x 70B)
Class org.gradle.api.internal.classpath.UnknownModuleException                        : loaded 2 times (x 82B)
Class org.gradle.api.internal.DefaultClassPathRegistry                                : loaded 2 times (x 76B)
Class org.gradle.api.internal.ClassPathRegistry                                       : loaded 2 times (x 70B)
Class org.gradle.internal.classpath.DefaultClassPath$ImmutableUniqueList              : loaded 2 times (x 199B)
Class org.gradle.internal.classpath.ClassPath                                         : loaded 2 times (x 70B)
Class org.gradle.api.UncheckedIOException                                             : loaded 2 times (x 82B)
Class org.gradle.internal.installation.GradleInstallation$1                           : loaded 2 times (x 75B)
Class org.gradle.api.internal.classpath.ModuleRegistry                                : loaded 2 times (x 70B)
Class org.gradle.api.internal.classpath.DefaultModuleRegistry                         : loaded 2 times (x 86B)
Class org.gradle.internal.service.ServiceLookupException                              : loaded 2 times (x 82B)
Class org.gradle.internal.classloader.ClassLoaderFactory                              : loaded 2 times (x 70B)
Class org.gradle.internal.service.CachingServiceLocator                               : loaded 2 times (x 82B)
Class org.gradle.internal.classloader.ClasspathUtil                                   : loaded 2 times (x 71B)
Class org.gradle.api.specs.Spec                                                       : loaded 2 times (x 70B)
Class org.gradle.internal.classloader.VisitableURLClassLoader$InstrumentingVisitableURLClassLoader: loaded 2 times (x 123B)
Class org.gradle.internal.classloader.VisitableURLClassLoader$Spec                    : loaded 2 times (x 74B)
Class org.gradle.internal.classpath.DefaultClassPath                                  : loaded 2 times (x 90B)
Class org.gradle.internal.classloader.ClassLoaderSpec                                 : loaded 2 times (x 71B)
Class org.gradle.internal.classloader.VisitableURLClassLoader                         : loaded 2 times (x 117B)
Class org.gradle.internal.Cast                                                        : loaded 2 times (x 71B)
Class org.gradle.api.Action                                                           : loaded 2 times (x 70B)
Class org.gradle.internal.classpath.DefaultClassPath$ImmutableUniqueList$Builder      : loaded 2 times (x 75B)
Class org.gradle.api.GradleException                                                  : loaded 2 times (x 82B)
Class org.gradle.internal.IoActions                                                   : loaded 2 times (x 71B)
Class org.gradle.internal.classloader.SystemClassLoaderSpec                           : loaded 2 times (x 71B)
Class org.gradle.api.internal.classpath.GlobalCacheRootsProvider                      : loaded 2 times (x 70B)
Class org.gradle.internal.installation.CurrentGradleInstallationLocator               : loaded 2 times (x 71B)
Class org.gradle.internal.service.DefaultServiceLocator                               : loaded 2 times (x 83B)
Class org.gradle.internal.installation.CurrentGradleInstallation                      : loaded 2 times (x 73B)
Class org.gradle.util.internal.GUtil                                                  : loaded 2 times (x 71B)
Class org.gradle.internal.installation.GradleInstallation                             : loaded 2 times (x 75B)

---------------  S Y S T E M  ---------------

OS:
 Windows 11 , 64 bit Build 26100 (10.0.26100.4768)
OS uptime: 0 days 1:51 hours

CPU: total 12 (initial active 12) (12 cores per cpu, 2 threads per core) family 23 model 96 stepping 1 microcode 0x8600103, cx8, cmov, fxsr, ht, mmx, 3dnowpref, sse, sse2, sse3, ssse3, sse4a, sse4.1, sse4.2, popcnt, lzcnt, tsc, tscinvbit, avx, avx2, aes, clmul, bmi1, bmi2, adx, sha, fma, vzeroupper, clflush, clflushopt, rdtscp, rdpid, f16c
Processor Information for the first 12 processors :
  Max Mhz: 3000, Current Mhz: 3000, Mhz Limit: 3000

Memory: 4k page, system-wide physical 7549M (718M free)
TotalPageFile size 23933M (AvailPageFile size 6M)
current process WorkingSet (physical memory assigned to process): 334M, peak: 334M
current process commit charge ("private bytes"): 517M, peak: 517M

vm_info: OpenJDK 64-Bit Server VM (21.0.8+1-b1038.68) for windows-amd64 JRE (21.0.8+1-b1038.68), built on 2025-07-24 by "builduser" with MS VC++ 16.10 / 16.11 (VS2019)

END.
